2023/12/14 16:17:26 [DEBUG] setting computed for "unused_disk" from ComputedKeys
2023/12/14 16:17:26 [DEBUG][QemuVmCreate] checking for duplicate name: bastion-okd
2023/12/14 16:17:26 [DEBUG][QemuVmCreate] cloning VM
2023/12/14 16:18:01 [DEBUG][QemuVmCreate] starting VM
2023/12/14 16:18:11 [INFO][initConnInfo] trying to get vm ip address for provisioner
2023/12/14 16:18:11 [DEBUG][initConnInfo] retrying for at most  20m0s minutes before giving up
2023/12/14 16:18:11 [DEBUG][initConnInfo] retries will end at 2023-12-14 16:38:11.034394 +0800 HKT m=+1244.960937431
2023/12/14 16:18:14 [DEBUG][initConnInfo] check ip result error 500 QEMU guest agent is not running
2023/12/14 16:18:19 [INFO][initConnInfo] found working QEMU Agent
2023/12/14 16:18:19 [DEBUG][initConnInfo] interfaces found: [{00:00:00:00:00:00 [127.0.0.1 ::1] lo map[rx-bytes:1064 rx-dropped:0 rx-errs:0 rx-packets:14 tx-bytes:1064 tx-dropped:0 tx-errs:0 tx-packets:14]} {7a:00:00:00:03:08 [192.168.2.196 fe80::7800:ff:fe00:308] eth0 map[rx-bytes:798 rx-dropped:0 rx-errs:0 rx-packets:7 tx-bytes:890 tx-dropped:0 tx-errs:0 tx-packets:12]}]
2023/12/14 16:18:19 [INFO][initConnInfo] trying to find IP address of first network card
2023/12/14 16:18:19 [DEBUG][initConnInfo] checking network card...
2023/12/14 16:18:19 [DEBUG][initConnInfo] checking network card...
2023/12/14 16:18:19 [DEBUG][initConnInfo] checking network card loop
2023/12/14 16:18:19 [DEBUG][initConnInfo] Found IP address: 192.168.2.196
2023/12/14 16:18:19 [DEBUG][initConnInfo] sshHost not empty: 192.168.2.196
2023/12/14 16:18:19 [DEBUG][initConnInfo] vm has a cloud-init configuration
2023/12/14 16:18:19 [DEBUG][initConnInfo] cloudinitcheck vm state map[agent:1 balloon:1.7179869184e+10 ballooninfo:map[actual:1.7179869184e+10 free_mem:1.6094830592e+10 last_update:1.702541899e+09 major_page_faults:828 max_mem:1.7179869184e+10 mem_swapped_in:0 mem_swapped_out:0 minor_page_faults:249673 total_mem:1.6501723136e+10] blockstat:map[ide2:map[account_failed:true account_invalid:true failed_flush_operations:0 failed_rd_operations:0 failed_unmap_operations:0 failed_wr_operations:0 flush_operations:0 flush_total_time_ns:0 idle_time_ns:3.384420494e+09 invalid_flush_operations:0 invalid_rd_operations:0 invalid_unmap_operations:0 invalid_wr_operations:0 rd_bytes:344258 rd_merged:0 rd_operations:96 rd_total_time_ns:1.0203437e+07 timed_stats:[] unmap_bytes:0 unmap_merged:0 unmap_operations:0 unmap_total_time_ns:0 wr_bytes:0 wr_highest_offset:0 wr_merged:0 wr_operations:0 wr_total_time_ns:0] scsi0:map[account_failed:true account_invalid:true failed_flush_operations:0 failed_rd_operations:0 failed_unmap_operations:0 failed_wr_operations:0 flush_operations:79 flush_total_time_ns:2.0649069e+08 idle_time_ns:45450 invalid_flush_operations:0 invalid_rd_operations:0 invalid_unmap_operations:0 invalid_wr_operations:0 rd_bytes:2.15882752e+08 rd_merged:0 rd_operations:8927 rd_total_time_ns:8.12816425e+08 timed_stats:[] unmap_bytes:0 unmap_merged:0 unmap_operations:0 unmap_total_time_ns:0 wr_bytes:1.6182272e+07 wr_highest_offset:1.06955825152e+11 wr_merged:0 wr_operations:275 wr_total_time_ns:1.16872034e+08]] cpu:0.31268424615028 cpus:4 disk:0 diskread:2.1622701e+08 diskwrite:1.6182272e+07 freemem:1.6094830592e+10 ha:map[managed:0] maxdisk:1.073741824e+11 maxmem:1.7179869184e+10 mem:4.06892544e+08 name:bastion-okd netin:948 netout:890 nics:map[tap810i0:map[netin:948 netout:890]] pid:2.467958e+06 proxmox-support:map[backup-max-workers:true pbs-dirty-bitmap:true pbs-dirty-bitmap-migration:true pbs-dirty-bitmap-savevm:true pbs-library-version:1.3.1 (4d450bb294cac5316d2f23bf087c4b02c0543d79) pbs-masterkey:true query-bitmap-info:true] qmpstatus:running running-machine:pc-i440fx-7.1+pve0 running-qemu:7.1.0 serial:1 status:running uptime:15 vmid:810]
2023/12/14 16:18:19 [DEBUG][initConnInfo] ipconfig0 interfaces: [{00:00:00:00:00:00 [127.0.0.1 ::1] lo map[rx-bytes:1064 rx-dropped:0 rx-errs:0 rx-packets:14 tx-bytes:1064 tx-dropped:0 tx-errs:0 tx-packets:14]} {7a:00:00:00:03:08 [192.168.2.196 fe80::7800:ff:fe00:308] eth0 map[rx-bytes:798 rx-dropped:0 rx-errs:0 rx-packets:7 tx-bytes:890 tx-dropped:0 tx-errs:0 tx-packets:12]}]
2023/12/14 16:18:19 [DEBUG][initConnInfo] found an ip configuration
2023/12/14 16:18:19 [DEBUG][initConnInfo] this is the vm configuration: 192.168.2.196 22
2023/12/14 16:18:19 [DEBUG][QemuVmCreate] vm creation done!
2023/12/14 16:18:20 [DEBUG] VM status: running
2023/12/14 17:40:35 [DEBUG] VM status: running
2023/12/14 17:40:40 [DEBUG] setting computed for "unused_disk" from ComputedKeys
2023/12/14 17:40:40 [DEBUG] setting computed for "unused_disk" from ComputedKeys
2023/12/14 17:40:40 [DEBUG][QemuVmCreate] checking for duplicate name: master1
2023/12/14 17:40:40 [DEBUG][QemuVmCreate] checking for duplicate name: master0
2023/12/14 17:40:40 [DEBUG] setting computed for "unused_disk" from ComputedKeys
2023/12/14 17:40:40 [DEBUG] setting computed for "unused_disk" from ComputedKeys
2023/12/14 17:40:40 [DEBUG] setting computed for "unused_disk" from ComputedKeys
2023/12/14 17:40:40 [DEBUG] setting computed for "unused_disk" from ComputedKeys
2023/12/14 17:40:40 [DEBUG] setting computed for "unused_disk" from ComputedKeys
2023/12/14 17:40:40 [DEBUG][QemuVmCreate] checking for duplicate name: worker0
2023/12/14 17:40:40 [DEBUG][QemuVmCreate] checking for duplicate name: master2
2023/12/14 17:40:47 [DEBUG][QemuVmCreate] oncreate = false, not starting VM
2023/12/14 17:40:47 [DEBUG][QemuVmCreate] vm creation done!
2023/12/14 17:40:47 [DEBUG] VM status: stopped
2023/12/14 17:40:47 [DEBUG][QemuVmCreate] checking for duplicate name: worker1
2023/12/14 17:40:49 [DEBUG][QemuVmCreate] oncreate = false, not starting VM
2023/12/14 17:40:49 [DEBUG][QemuVmCreate] vm creation done!
2023/12/14 17:40:49 [DEBUG][QemuVmCreate] oncreate = false, not starting VM
2023/12/14 17:40:49 [DEBUG][QemuVmCreate] vm creation done!
2023/12/14 17:40:49 [DEBUG] VM status: stopped
2023/12/14 17:40:49 [DEBUG] VM status: stopped
2023/12/14 17:40:49 [DEBUG][QemuVmCreate] checking for duplicate name: bootstrap
2023/12/14 17:40:49 [DEBUG][QemuVmCreate] checking for duplicate name: worker2
2023/12/14 17:40:49 [DEBUG][QemuVmCreate] recycling VM vmId: 700
2023/12/14 17:40:51 [DEBUG][QemuVmCreate] oncreate = false, not starting VM
2023/12/14 17:40:51 [DEBUG][QemuVmCreate] vm creation done!
2023/12/14 17:40:51 [DEBUG] VM status: stopped
2023/12/14 17:40:54 [DEBUG][QemuVmCreate] oncreate = false, not starting VM
2023/12/14 17:40:54 [DEBUG][QemuVmCreate] vm creation done!
2023/12/14 17:40:55 [DEBUG] VM status: stopped
2023/12/14 17:40:57 [DEBUG][QemuVmCreate] oncreate = false, not starting VM
2023/12/14 17:40:57 [DEBUG][QemuVmCreate] vm creation done!
2023/12/14 17:40:58 [DEBUG] VM status: stopped
2023/12/14 17:40:59 [DEBUG][QemuVmCreate] oncreate = false, not starting VM
2023/12/14 17:40:59 [DEBUG][QemuVmCreate] vm creation done!
2023/12/14 17:40:59 [DEBUG] VM status: stopped
2023/12/14 17:41:05 [INFO][initConnInfo] trying to get vm ip address for provisioner
2023/12/14 17:41:05 [DEBUG][initConnInfo] retrying for at most  20m0s minutes before giving up
2023/12/14 17:41:05 [DEBUG][initConnInfo] retries will end at 2023-12-14 18:01:05.361824 +0800 HKT m=+1225.318974089
2023/12/14 17:41:05 [INFO][initConnInfo] found working QEMU Agent
2023/12/14 17:41:05 [DEBUG][initConnInfo] interfaces found: [{00:00:00:00:00:00 [127.0.0.1 ::1] lo map[rx-bytes:416 rx-dropped:0 rx-errs:0 rx-packets:6 tx-bytes:416 tx-dropped:0 tx-errs:0 tx-packets:6]} {7a:00:00:00:03:08 [192.168.2.196 fe80::7800:ff:fe00:308] eth0 map[rx-bytes:882 rx-dropped:0 rx-errs:0 rx-packets:21 tx-bytes:30810 tx-dropped:0 tx-errs:0 tx-packets:375]}]
2023/12/14 17:41:05 [INFO][initConnInfo] trying to find IP address of first network card
2023/12/14 17:41:05 [DEBUG][initConnInfo] checking network card...
2023/12/14 17:41:05 [DEBUG][initConnInfo] checking network card...
2023/12/14 17:41:05 [DEBUG][initConnInfo] checking network card loop
2023/12/14 17:41:05 [DEBUG][initConnInfo] Found IP address: 192.168.2.196
2023/12/14 17:41:05 [DEBUG][initConnInfo] sshHost not empty: 192.168.2.196
2023/12/14 17:41:05 [DEBUG][initConnInfo] vm has a cloud-init configuration
2023/12/14 17:41:05 [DEBUG][initConnInfo] cloudinitcheck vm state map[agent:1 balloon:1.7179869184e+10 ballooninfo:map[actual:1.7179869184e+10 free_mem:1.6146640896e+10 last_update:1.702546864e+09 major_page_faults:746 max_mem:1.7179869184e+10 mem_swapped_in:0 mem_swapped_out:0 minor_page_faults:358201 total_mem:1.650171904e+10] blockstat:map[ide2:map[account_failed:true account_invalid:true failed_flush_operations:0 failed_rd_operations:0 failed_unmap_operations:0 failed_wr_operations:0 flush_operations:0 flush_total_time_ns:0 idle_time_ns:4.450404961865e+12 invalid_flush_operations:0 invalid_rd_operations:0 invalid_unmap_operations:0 invalid_wr_operations:0 rd_bytes:1.032774e+06 rd_merged:0 rd_operations:288 rd_total_time_ns:2.5454323e+07 timed_stats:[] unmap_bytes:0 unmap_merged:0 unmap_operations:0 unmap_total_time_ns:0 wr_bytes:0 wr_highest_offset:0 wr_merged:0 wr_operations:0 wr_total_time_ns:0] scsi0:map[account_failed:true account_invalid:true failed_flush_operations:0 failed_rd_operations:0 failed_unmap_operations:0 failed_wr_operations:0 flush_operations:287 flush_total_time_ns:7.82269318e+08 idle_time_ns:2.307249040889e+12 invalid_flush_operations:0 invalid_rd_operations:0 invalid_unmap_operations:0 invalid_wr_operations:0 rd_bytes:8.6521344e+08 rd_merged:0 rd_operations:30455 rd_total_time_ns:2.409155418e+09 timed_stats:[] unmap_bytes:0 unmap_merged:0 unmap_operations:0 unmap_total_time_ns:0 wr_bytes:1.24243456e+08 wr_highest_offset:1.06955825152e+11 wr_merged:0 wr_operations:1953 wr_total_time_ns:6.07174438e+08]] cpu:0 cpus:4 disk:0 diskread:8.66246214e+08 diskwrite:1.24243456e+08 freemem:1.6146640896e+10 ha:map[managed:0] maxdisk:1.073741824e+11 maxmem:1.7179869184e+10 mem:3.55078144e+08 name:bastion-okd netin:2502 netout:54918 nics:map[tap810i0:map[netin:2502 netout:54918]] pid:2.467958e+06 proxmox-support:map[backup-max-workers:true pbs-dirty-bitmap:true pbs-dirty-bitmap-migration:true pbs-dirty-bitmap-savevm:true pbs-library-version:1.3.1 (4d450bb294cac5316d2f23bf087c4b02c0543d79) pbs-masterkey:true query-bitmap-info:true] qmpstatus:running running-machine:pc-i440fx-7.1+pve0 running-qemu:7.1.0 serial:1 status:running uptime:4981 vmid:810]
2023/12/14 17:41:05 [DEBUG][initConnInfo] ipconfig0 interfaces: [{00:00:00:00:00:00 [127.0.0.1 ::1] lo map[rx-bytes:416 rx-dropped:0 rx-errs:0 rx-packets:6 tx-bytes:416 tx-dropped:0 tx-errs:0 tx-packets:6]} {7a:00:00:00:03:08 [192.168.2.196 fe80::7800:ff:fe00:308] eth0 map[rx-bytes:882 rx-dropped:0 rx-errs:0 rx-packets:21 tx-bytes:30810 tx-dropped:0 tx-errs:0 tx-packets:375]}]
2023/12/14 17:41:05 [DEBUG][initConnInfo] found an ip configuration
2023/12/14 17:41:05 [DEBUG][initConnInfo] this is the vm configuration: 192.168.2.196 22
2023/12/14 17:41:05 [DEBUG][QemuVmUpdate] shutting down VM
2023/12/14 17:41:08 [DEBUG][QemuVmUpdate] starting VM
2023/12/14 17:41:11 [DEBUG] VM status: running
2023/12/14 19:18:40 [DEBUG] VM status: stopped
2023/12/14 19:18:41 [DEBUG] VM status: stopped
2023/12/14 19:18:41 [DEBUG] VM status: stopped
2023/12/14 19:18:41 [DEBUG] VM status: stopped
2023/12/14 19:18:41 [DEBUG] VM status: stopped
2023/12/14 19:18:42 [DEBUG] VM status: stopped
2023/12/14 19:18:42 [DEBUG] VM status: stopped
2023/12/14 19:18:43 [DEBUG] VM status: running
2023/12/14 19:21:36 [DEBUG] VM status: stopped
2023/12/14 19:21:36 [DEBUG] VM status: stopped
2023/12/14 19:21:36 [DEBUG] VM status: stopped
2023/12/14 19:21:37 [DEBUG] VM status: stopped
2023/12/14 19:21:37 [DEBUG] VM status: stopped
2023/12/14 19:21:37 [DEBUG] VM status: stopped
2023/12/14 19:21:37 [DEBUG] VM status: stopped
2023/12/14 19:21:38 [DEBUG] VM status: running
2023/12/14 19:24:55 [DEBUG] VM status: stopped
2023/12/14 19:24:55 [DEBUG] VM status: stopped
2023/12/14 19:24:55 [DEBUG] VM status: stopped
2023/12/14 19:24:55 [DEBUG] VM status: stopped
2023/12/14 19:24:55 [DEBUG] VM status: stopped
2023/12/14 19:24:56 [DEBUG] VM status: stopped
2023/12/14 19:24:56 [DEBUG] VM status: stopped
2023/12/14 19:24:57 [DEBUG] VM status: running
2023/12/14 19:28:29 [DEBUG] VM status: stopped
2023/12/14 19:28:29 [DEBUG] VM status: stopped
2023/12/14 19:28:30 [DEBUG] VM status: stopped
2023/12/14 19:28:30 [DEBUG] VM status: stopped
2023/12/14 19:28:30 [DEBUG] VM status: stopped
2023/12/14 19:28:30 [DEBUG] VM status: stopped
2023/12/14 19:28:31 [DEBUG] VM status: running
2023/12/14 19:34:53 [DEBUG] setting computed for "unused_disk" from ComputedKeys
2023/12/14 19:34:53 [DEBUG] setting computed for "unused_disk" from ComputedKeys
2023/12/14 19:34:53 [DEBUG] setting computed for "unused_disk" from ComputedKeys
2023/12/14 19:34:53 [DEBUG] setting computed for "unused_disk" from ComputedKeys
2023/12/14 19:34:53 [DEBUG] setting computed for "unused_disk" from ComputedKeys
2023/12/14 19:34:53 [DEBUG] setting computed for "unused_disk" from ComputedKeys
2023/12/14 19:34:53 [DEBUG] setting computed for "unused_disk" from ComputedKeys
2023/12/14 19:34:53 [DEBUG] setting computed for "unused_disk" from ComputedKeys
2023/12/14 19:34:53 [DEBUG][QemuVmCreate] checking for duplicate name: bootstrap
2023/12/14 19:34:53 [DEBUG][QemuVmCreate] checking for duplicate name: master1
2023/12/14 19:34:53 [DEBUG][QemuVmCreate] checking for duplicate name: worker1
2023/12/14 19:34:53 [DEBUG][QemuVmCreate] checking for duplicate name: worker2
2023/12/14 19:35:00 [DEBUG][QemuVmCreate] oncreate = false, not starting VM
2023/12/14 19:35:00 [DEBUG][QemuVmCreate] vm creation done!
2023/12/14 19:35:00 [DEBUG] VM status: stopped
2023/12/14 19:35:00 [DEBUG][QemuVmCreate] checking for duplicate name: master0
2023/12/14 19:35:02 [DEBUG][QemuVmCreate] oncreate = false, not starting VM
2023/12/14 19:35:02 [DEBUG][QemuVmCreate] vm creation done!
2023/12/14 19:35:02 [DEBUG][QemuVmCreate] oncreate = false, not starting VM
2023/12/14 19:35:02 [DEBUG][QemuVmCreate] vm creation done!
2023/12/14 19:35:03 [DEBUG] VM status: stopped
2023/12/14 19:35:03 [DEBUG][QemuVmCreate] checking for duplicate name: bastion-okd
2023/12/14 19:35:03 [DEBUG][QemuVmCreate] cloning VM
2023/12/14 19:35:03 [DEBUG] VM status: stopped
2023/12/14 19:35:03 [DEBUG][QemuVmCreate] checking for duplicate name: master2
2023/12/14 19:35:04 [DEBUG][QemuVmCreate] oncreate = false, not starting VM
2023/12/14 19:35:04 [DEBUG][QemuVmCreate] vm creation done!
2023/12/14 19:35:05 [DEBUG] VM status: stopped
2023/12/14 19:35:05 [DEBUG][QemuVmCreate] checking for duplicate name: worker0
2023/12/14 19:35:08 [DEBUG][QemuVmCreate] oncreate = false, not starting VM
2023/12/14 19:35:08 [DEBUG][QemuVmCreate] vm creation done!
2023/12/14 19:35:09 [DEBUG] VM status: stopped
2023/12/14 19:35:10 [DEBUG][QemuVmCreate] oncreate = false, not starting VM
2023/12/14 19:35:10 [DEBUG][QemuVmCreate] vm creation done!
2023/12/14 19:35:11 [DEBUG] VM status: stopped
2023/12/14 19:35:14 [DEBUG][QemuVmCreate] oncreate = false, not starting VM
2023/12/14 19:35:14 [DEBUG][QemuVmCreate] vm creation done!
2023/12/14 19:35:14 [DEBUG] VM status: stopped
2023/12/14 19:35:38 [DEBUG][QemuVmCreate] starting VM
2023/12/14 19:35:47 [INFO][initConnInfo] trying to get vm ip address for provisioner
2023/12/14 19:35:47 [DEBUG][initConnInfo] retrying for at most  20m0s minutes before giving up
2023/12/14 19:35:47 [DEBUG][initConnInfo] retries will end at 2023-12-14 19:55:47.900027 +0800 HKT m=+1254.831203702
2023/12/14 19:35:50 [DEBUG][initConnInfo] check ip result error 500 QEMU guest agent is not running
2023/12/14 19:35:56 [INFO][initConnInfo] found working QEMU Agent
2023/12/14 19:35:56 [DEBUG][initConnInfo] interfaces found: [{00:00:00:00:00:00 [127.0.0.1 ::1] lo map[rx-bytes:1064 rx-dropped:0 rx-errs:0 rx-packets:14 tx-bytes:1064 tx-dropped:0 tx-errs:0 tx-packets:14]} {7a:00:00:00:03:08 [192.168.2.196 fe80::7800:ff:fe00:308] eth0 map[rx-bytes:212 rx-dropped:0 rx-errs:0 rx-packets:2 tx-bytes:890 tx-dropped:0 tx-errs:0 tx-packets:12]}]
2023/12/14 19:35:56 [INFO][initConnInfo] trying to find IP address of first network card
2023/12/14 19:35:56 [DEBUG][initConnInfo] checking network card...
2023/12/14 19:35:56 [DEBUG][initConnInfo] checking network card...
2023/12/14 19:35:56 [DEBUG][initConnInfo] checking network card loop
2023/12/14 19:35:56 [DEBUG][initConnInfo] Found IP address: 192.168.2.196
2023/12/14 19:35:56 [DEBUG][initConnInfo] sshHost not empty: 192.168.2.196
2023/12/14 19:35:56 [DEBUG][initConnInfo] vm has a cloud-init configuration
2023/12/14 19:35:56 [DEBUG][initConnInfo] cloudinitcheck vm state map[agent:1 balloon:1.7179869184e+10 ballooninfo:map[actual:1.7179869184e+10 free_mem:1.6134782976e+10 last_update:1.702553756e+09 major_page_faults:858 max_mem:1.7179869184e+10 mem_swapped_in:0 mem_swapped_out:0 minor_page_faults:267247 total_mem:1.6501723136e+10] blockstat:map[ide2:map[account_failed:true account_invalid:true failed_flush_operations:0 failed_rd_operations:0 failed_unmap_operations:0 failed_wr_operations:0 flush_operations:0 flush_total_time_ns:0 idle_time_ns:3.335671626e+09 invalid_flush_operations:0 invalid_rd_operations:0 invalid_unmap_operations:0 invalid_wr_operations:0 rd_bytes:344258 rd_merged:0 rd_operations:96 rd_total_time_ns:9.455397e+06 timed_stats:[] unmap_bytes:0 unmap_merged:0 unmap_operations:0 unmap_total_time_ns:0 wr_bytes:0 wr_highest_offset:0 wr_merged:0 wr_operations:0 wr_total_time_ns:0] scsi0:map[account_failed:true account_invalid:true failed_flush_operations:0 failed_rd_operations:0 failed_unmap_operations:0 failed_wr_operations:0 flush_operations:79 flush_total_time_ns:1.91673796e+08 idle_time_ns:2.011327e+06 invalid_flush_operations:0 invalid_rd_operations:0 invalid_unmap_operations:0 invalid_wr_operations:0 rd_bytes:2.18648064e+08 rd_merged:0 rd_operations:8994 rd_total_time_ns:7.91461007e+08 timed_stats:[] unmap_bytes:0 unmap_merged:0 unmap_operations:0 unmap_total_time_ns:0 wr_bytes:1.6182272e+07 wr_highest_offset:1.06955825152e+11 wr_merged:0 wr_operations:276 wr_total_time_ns:1.55101212e+08]] cpu:0 cpus:4 disk:0 diskread:2.18992322e+08 diskwrite:1.6182272e+07 freemem:1.6134782976e+10 ha:map[managed:0] maxdisk:1.073741824e+11 maxmem:1.7179869184e+10 mem:3.6694016e+08 name:bastion-okd netin:382 netout:890 nics:map[tap810i0:map[netin:382 netout:890]] pid:3.330464e+06 proxmox-support:map[backup-max-workers:true pbs-dirty-bitmap:true pbs-dirty-bitmap-migration:true pbs-dirty-bitmap-savevm:true pbs-library-version:1.3.1 (4d450bb294cac5316d2f23bf087c4b02c0543d79) pbs-masterkey:true query-bitmap-info:true] qmpstatus:running running-machine:pc-i440fx-7.1+pve0 running-qemu:7.1.0 serial:1 status:running uptime:15 vmid:810]
2023/12/14 19:35:56 [DEBUG][initConnInfo] ipconfig0 interfaces: [{00:00:00:00:00:00 [127.0.0.1 ::1] lo map[rx-bytes:1064 rx-dropped:0 rx-errs:0 rx-packets:14 tx-bytes:1064 tx-dropped:0 tx-errs:0 tx-packets:14]} {7a:00:00:00:03:08 [192.168.2.196 fe80::7800:ff:fe00:308] eth0 map[rx-bytes:212 rx-dropped:0 rx-errs:0 rx-packets:2 tx-bytes:890 tx-dropped:0 tx-errs:0 tx-packets:12]}]
2023/12/14 19:35:56 [DEBUG][initConnInfo] found an ip configuration
2023/12/14 19:35:56 [DEBUG][initConnInfo] this is the vm configuration: 192.168.2.196 22
2023/12/14 19:35:56 [DEBUG][QemuVmCreate] vm creation done!
2023/12/14 19:35:57 [DEBUG] VM status: running
2023/12/16 11:42:19 [DEBUG] VM status: running
2023/12/16 11:42:19 [DEBUG] VM status: stopped
2023/12/16 11:42:19 [DEBUG] VM status: running
2023/12/16 11:42:20 [DEBUG] VM status: running
2023/12/16 11:42:20 [DEBUG] VM status: running
2023/12/16 11:42:21 [DEBUG] VM status: running
2023/12/16 11:42:21 [DEBUG] VM status: running
2023/12/16 11:42:21 [DEBUG] VM status: running
2023/12/16 11:43:07 [DEBUG] VM status: running
2023/12/16 11:43:07 [DEBUG] VM status: running
2023/12/16 11:43:07 [DEBUG] VM status: running
2023/12/16 11:43:07 [DEBUG] VM status: running
2023/12/16 11:43:08 [DEBUG] VM status: running
2023/12/16 11:43:08 [DEBUG] VM status: running
2023/12/16 11:43:08 [DEBUG] VM status: stopped
2023/12/16 11:43:09 [DEBUG] VM status: running
2023/12/16 11:44:40 [DEBUG] setting computed for "unused_disk" from ComputedKeys
2023/12/16 11:44:40 [DEBUG] setting computed for "unused_disk" from ComputedKeys
2023/12/16 11:44:40 [DEBUG] setting computed for "unused_disk" from ComputedKeys
2023/12/16 11:44:40 [DEBUG] setting computed for "unused_disk" from ComputedKeys
2023/12/16 11:44:40 [DEBUG] setting computed for "unused_disk" from ComputedKeys
2023/12/16 11:44:40 [DEBUG] setting computed for "unused_disk" from ComputedKeys
2023/12/16 11:44:40 [DEBUG] setting computed for "unused_disk" from ComputedKeys
2023/12/16 11:44:40 [DEBUG] setting computed for "unused_disk" from ComputedKeys
2023/12/16 11:44:40 [DEBUG][QemuVmCreate] checking for duplicate name: master1
2023/12/16 11:44:40 [DEBUG][QemuVmCreate] checking for duplicate name: worker0
2023/12/16 11:44:40 [DEBUG][QemuVmCreate] checking for duplicate name: master0
2023/12/16 11:44:40 [DEBUG][QemuVmCreate] checking for duplicate name: bastion-okd
2023/12/16 11:44:40 [DEBUG][QemuVmCreate] cloning VM
2023/12/16 11:44:49 [DEBUG][QemuVmCreate] oncreate = false, not starting VM
2023/12/16 11:44:49 [DEBUG][QemuVmCreate] vm creation done!
2023/12/16 11:44:49 [DEBUG][QemuVmCreate] oncreate = false, not starting VM
2023/12/16 11:44:49 [DEBUG][QemuVmCreate] vm creation done!
2023/12/16 11:44:49 [DEBUG] VM status: stopped
2023/12/16 11:44:49 [DEBUG] VM status: stopped
2023/12/16 11:44:49 [DEBUG][QemuVmCreate] checking for duplicate name: worker1
2023/12/16 11:44:49 [DEBUG][QemuVmCreate] checking for duplicate name: master2
2023/12/16 11:44:51 [DEBUG][QemuVmCreate] oncreate = false, not starting VM
2023/12/16 11:44:51 [DEBUG][QemuVmCreate] vm creation done!
2023/12/16 11:44:51 [DEBUG] VM status: stopped
2023/12/16 11:44:51 [DEBUG][QemuVmCreate] checking for duplicate name: bootstrap
2023/12/16 11:44:57 [DEBUG][QemuVmCreate] oncreate = false, not starting VM
2023/12/16 11:44:57 [DEBUG][QemuVmCreate] vm creation done!
2023/12/16 11:44:57 [DEBUG] VM status: stopped
2023/12/16 11:44:57 [DEBUG][QemuVmCreate] checking for duplicate name: worker2
2023/12/16 11:44:59 [DEBUG][QemuVmCreate] oncreate = false, not starting VM
2023/12/16 11:44:59 [DEBUG][QemuVmCreate] vm creation done!
2023/12/16 11:44:59 [DEBUG][QemuVmCreate] oncreate = false, not starting VM
2023/12/16 11:44:59 [DEBUG][QemuVmCreate] vm creation done!
2023/12/16 11:44:59 [DEBUG] VM status: stopped
2023/12/16 11:44:59 [DEBUG] VM status: stopped
2023/12/16 11:45:04 [DEBUG][QemuVmCreate] oncreate = false, not starting VM
2023/12/16 11:45:04 [DEBUG][QemuVmCreate] vm creation done!
2023/12/16 11:45:05 [DEBUG] VM status: stopped
2023/12/16 11:45:17 [DEBUG][QemuVmCreate] starting VM
2023/12/16 11:45:26 [INFO][initConnInfo] trying to get vm ip address for provisioner
2023/12/16 11:45:26 [DEBUG][initConnInfo] retrying for at most  20m0s minutes before giving up
2023/12/16 11:45:26 [DEBUG][initConnInfo] retries will end at 2023-12-16 12:05:26.761205 +0800 HKT m=+1246.828606106
2023/12/16 11:45:29 [DEBUG][initConnInfo] check ip result error 500 QEMU guest agent is not running
2023/12/16 11:45:35 [INFO][initConnInfo] found working QEMU Agent
2023/12/16 11:45:35 [DEBUG][initConnInfo] interfaces found: [{00:00:00:00:00:00 [127.0.0.1 ::1] lo map[rx-bytes:1064 rx-dropped:0 rx-errs:0 rx-packets:14 tx-bytes:1064 tx-dropped:0 tx-errs:0 tx-packets:14]} {7a:00:00:00:03:08 [192.168.2.196 fe80::7800:ff:fe00:308] eth0 map[rx-bytes:1594 rx-dropped:0 rx-errs:0 rx-packets:25 tx-bytes:2085 tx-dropped:0 tx-errs:0 tx-packets:20]} {2e:f2:2a:52:41:db [192.168.8.241 fe80::2cf2:2aff:fe52:41db] eth1 map[rx-bytes:1494 rx-dropped:0 rx-errs:0 rx-packets:9 tx-bytes:1294 tx-dropped:0 tx-errs:0 tx-packets:17]}]
2023/12/16 11:45:35 [INFO][initConnInfo] trying to find IP address of first network card
2023/12/16 11:45:35 [DEBUG][initConnInfo] checking network card...
2023/12/16 11:45:35 [DEBUG][initConnInfo] checking network card...
2023/12/16 11:45:35 [DEBUG][initConnInfo] checking network card loop
2023/12/16 11:45:35 [DEBUG][initConnInfo] Found IP address: 192.168.2.196
2023/12/16 11:45:35 [DEBUG][initConnInfo] sshHost not empty: 192.168.2.196
2023/12/16 11:45:35 [DEBUG][initConnInfo] vm has a cloud-init configuration
2023/12/16 11:45:35 [DEBUG][initConnInfo] cloudinitcheck vm state map[agent:1 balloon:1.7179869184e+10 ballooninfo:map[actual:1.7179869184e+10 free_mem:1.6021061632e+10 last_update:1.702698334e+09 major_page_faults:974 max_mem:1.7179869184e+10 mem_swapped_in:0 mem_swapped_out:0 minor_page_faults:572867 total_mem:1.6501723136e+10] blockstat:map[ide2:map[account_failed:true account_invalid:true failed_flush_operations:0 failed_rd_operations:0 failed_unmap_operations:0 failed_wr_operations:0 flush_operations:0 flush_total_time_ns:0 idle_time_ns:4.114343846e+09 invalid_flush_operations:0 invalid_rd_operations:0 invalid_unmap_operations:0 invalid_wr_operations:0 rd_bytes:344258 rd_merged:0 rd_operations:96 rd_total_time_ns:9.581544e+06 timed_stats:[] unmap_bytes:0 unmap_merged:0 unmap_operations:0 unmap_total_time_ns:0 wr_bytes:0 wr_highest_offset:0 wr_merged:0 wr_operations:0 wr_total_time_ns:0] scsi0:map[account_failed:true account_invalid:true failed_flush_operations:0 failed_rd_operations:0 failed_unmap_operations:0 failed_wr_operations:0 flush_operations:88 flush_total_time_ns:2.51571077e+08 idle_time_ns:6.2085934e+07 invalid_flush_operations:0 invalid_rd_operations:0 invalid_unmap_operations:0 invalid_wr_operations:0 rd_bytes:2.42938368e+08 rd_merged:0 rd_operations:10027 rd_total_time_ns:1.162547623e+09 timed_stats:[] unmap_bytes:0 unmap_merged:0 unmap_operations:0 unmap_total_time_ns:0 wr_bytes:1.63456e+07 wr_highest_offset:1.06955825152e+11 wr_merged:0 wr_operations:291 wr_total_time_ns:1.68342282e+08]] cpu:0 cpus:4 disk:0 diskread:2.43282626e+08 diskwrite:1.63456e+07 freemem:1.6021061632e+10 ha:map[managed:0] maxdisk:1.073741824e+11 maxmem:1.7179869184e+10 mem:4.80661504e+08 name:bastion-okd netin:8054 netout:4290 nics:map[tap810i0:map[netin:6560 netout:2996] tap810i1:map[netin:1494 netout:1294]] pid:1.832574e+06 proxmox-support:map[backup-max-workers:true pbs-dirty-bitmap:true pbs-dirty-bitmap-migration:true pbs-dirty-bitmap-savevm:true pbs-library-version:1.3.1 (4d450bb294cac5316d2f23bf087c4b02c0543d79) pbs-masterkey:true query-bitmap-info:true] qmpstatus:running running-machine:pc-i440fx-7.1+pve0 running-qemu:7.1.0 serial:1 status:running uptime:15 vmid:810]
2023/12/16 11:45:35 [DEBUG][initConnInfo] ipconfig0 interfaces: [{00:00:00:00:00:00 [127.0.0.1 ::1] lo map[rx-bytes:1064 rx-dropped:0 rx-errs:0 rx-packets:14 tx-bytes:1064 tx-dropped:0 tx-errs:0 tx-packets:14]} {7a:00:00:00:03:08 [192.168.2.196 fe80::7800:ff:fe00:308] eth0 map[rx-bytes:6390 rx-dropped:0 rx-errs:0 rx-packets:29 tx-bytes:3038 tx-dropped:0 tx-errs:0 tx-packets:29]} {2e:f2:2a:52:41:db [192.168.8.241 fe80::2cf2:2aff:fe52:41db] eth1 map[rx-bytes:1494 rx-dropped:0 rx-errs:0 rx-packets:9 tx-bytes:1336 tx-dropped:0 tx-errs:0 tx-packets:18]}]
2023/12/16 11:45:35 [DEBUG][initConnInfo] found an ip configuration
2023/12/16 11:45:35 [DEBUG][initConnInfo] this is the vm configuration: 192.168.2.196 22
2023/12/16 11:45:35 [DEBUG][QemuVmCreate] vm creation done!
2023/12/16 11:45:36 [DEBUG] VM status: running
2023/12/16 17:37:02 [DEBUG] VM status: stopped
2023/12/16 17:37:02 [DEBUG] VM status: stopped
2023/12/16 17:37:03 [DEBUG] VM status: stopped
2023/12/16 17:37:03 [DEBUG] VM status: stopped
2023/12/16 17:37:03 [DEBUG] VM status: stopped
2023/12/16 17:37:03 [DEBUG] VM status: stopped
2023/12/16 17:37:04 [DEBUG] VM status: stopped
2023/12/16 17:37:04 [DEBUG] VM status: running
2023/12/16 17:37:33 [DEBUG] setting computed for "unused_disk" from ComputedKeys
2023/12/16 17:37:33 [DEBUG] setting computed for "unused_disk" from ComputedKeys
2023/12/16 17:37:33 [DEBUG] setting computed for "unused_disk" from ComputedKeys
2023/12/16 17:37:33 [DEBUG] setting computed for "unused_disk" from ComputedKeys
2023/12/16 17:37:33 [DEBUG] setting computed for "unused_disk" from ComputedKeys
2023/12/16 17:37:33 [DEBUG] setting computed for "unused_disk" from ComputedKeys
2023/12/16 17:37:33 [DEBUG] setting computed for "unused_disk" from ComputedKeys
2023/12/16 17:37:33 [DEBUG][QemuVmCreate] checking for duplicate name: bootstrap
2023/12/16 17:37:33 [DEBUG] setting computed for "unused_disk" from ComputedKeys
2023/12/16 17:37:33 [DEBUG][QemuVmCreate] checking for duplicate name: worker2
2023/12/16 17:37:33 [DEBUG][QemuVmCreate] checking for duplicate name: master0
2023/12/16 17:37:33 [DEBUG][QemuVmCreate] checking for duplicate name: master2
2023/12/16 17:37:40 [DEBUG][QemuVmCreate] oncreate = false, not starting VM
2023/12/16 17:37:40 [DEBUG][QemuVmCreate] vm creation done!
2023/12/16 17:37:40 [DEBUG][QemuVmCreate] checking for duplicate name: worker0
2023/12/16 17:37:42 [DEBUG][QemuVmCreate] oncreate = false, not starting VM
2023/12/16 17:37:42 [DEBUG][QemuVmCreate] vm creation done!
2023/12/16 17:37:42 [DEBUG][QemuVmCreate] oncreate = false, not starting VM
2023/12/16 17:37:42 [DEBUG][QemuVmCreate] vm creation done!
2023/12/16 17:37:43 [DEBUG] VM status: stopped
2023/12/16 17:37:43 [DEBUG][QemuVmCreate] checking for duplicate name: bastion-okd
2023/12/16 17:37:43 [DEBUG] VM status: stopped
2023/12/16 17:37:43 [DEBUG][QemuVmCreate] cloning VM
2023/12/16 17:37:43 [DEBUG] VM status: stopped
2023/12/16 17:37:43 [DEBUG][QemuVmCreate] checking for duplicate name: worker1
2023/12/16 17:37:44 [DEBUG][QemuVmCreate] oncreate = false, not starting VM
2023/12/16 17:37:44 [DEBUG][QemuVmCreate] vm creation done!
2023/12/16 17:37:45 [DEBUG] VM status: stopped
2023/12/16 17:37:45 [DEBUG][QemuVmCreate] checking for duplicate name: master1
2023/12/16 17:37:47 [DEBUG][QemuVmCreate] oncreate = false, not starting VM
2023/12/16 17:37:47 [DEBUG][QemuVmCreate] vm creation done!
2023/12/16 17:37:48 [DEBUG] VM status: stopped
2023/12/16 17:37:50 [DEBUG][QemuVmCreate] oncreate = false, not starting VM
2023/12/16 17:37:50 [DEBUG][QemuVmCreate] vm creation done!
2023/12/16 17:37:51 [DEBUG] VM status: stopped
2023/12/16 17:37:54 [DEBUG][QemuVmCreate] oncreate = false, not starting VM
2023/12/16 17:37:54 [DEBUG][QemuVmCreate] vm creation done!
2023/12/16 17:37:55 [DEBUG] VM status: stopped
2023/12/16 17:38:18 [DEBUG][QemuVmCreate] starting VM
2023/12/16 17:38:27 [INFO][initConnInfo] trying to get vm ip address for provisioner
2023/12/16 17:38:27 [DEBUG][initConnInfo] retrying for at most  20m0s minutes before giving up
2023/12/16 17:38:27 [DEBUG][initConnInfo] retries will end at 2023-12-16 17:58:27.869987 +0800 HKT m=+1254.516442010
2023/12/16 17:38:30 [DEBUG][initConnInfo] check ip result error 500 QEMU guest agent is not running
2023/12/16 17:38:36 [INFO][initConnInfo] found working QEMU Agent
2023/12/16 17:38:36 [DEBUG][initConnInfo] interfaces found: [{00:00:00:00:00:00 [127.0.0.1 ::1] lo map[rx-bytes:1064 rx-dropped:0 rx-errs:0 rx-packets:14 tx-bytes:1064 tx-dropped:0 tx-errs:0 tx-packets:14]} {7a:00:00:00:03:08 [192.168.2.196 fe80::7800:ff:fe00:308] eth0 map[rx-bytes:572 rx-dropped:0 rx-errs:0 rx-packets:6 tx-bytes:1092 tx-dropped:0 tx-errs:0 tx-packets:14]} {b2:c0:3b:37:2d:28 [192.168.8.11 fe80::b0c0:3bff:fe37:2d28] eth1 map[rx-bytes:1529 rx-dropped:0 rx-errs:0 rx-packets:10 tx-bytes:1137 tx-dropped:0 tx-errs:0 tx-packets:15]}]
2023/12/16 17:38:36 [INFO][initConnInfo] trying to find IP address of first network card
2023/12/16 17:38:36 [DEBUG][initConnInfo] checking network card...
2023/12/16 17:38:36 [DEBUG][initConnInfo] checking network card...
2023/12/16 17:38:36 [DEBUG][initConnInfo] checking network card loop
2023/12/16 17:38:36 [DEBUG][initConnInfo] Found IP address: 192.168.2.196
2023/12/16 17:38:36 [DEBUG][initConnInfo] sshHost not empty: 192.168.2.196
2023/12/16 17:38:36 [DEBUG][initConnInfo] vm has a cloud-init configuration
2023/12/16 17:38:36 [DEBUG][initConnInfo] cloudinitcheck vm state map[agent:1 balloon:1.7179869184e+10 ballooninfo:map[actual:1.7179869184e+10 free_mem:1.6102535168e+10 last_update:1.702719516e+09 major_page_faults:874 max_mem:1.7179869184e+10 mem_swapped_in:0 mem_swapped_out:0 minor_page_faults:384134 total_mem:1.6501710848e+10] blockstat:map[ide2:map[account_failed:true account_invalid:true failed_flush_operations:0 failed_rd_operations:0 failed_unmap_operations:0 failed_wr_operations:0 flush_operations:0 flush_total_time_ns:0 idle_time_ns:3.535199706e+09 invalid_flush_operations:0 invalid_rd_operations:0 invalid_unmap_operations:0 invalid_wr_operations:0 rd_bytes:344258 rd_merged:0 rd_operations:96 rd_total_time_ns:1.0392082e+07 timed_stats:[] unmap_bytes:0 unmap_merged:0 unmap_operations:0 unmap_total_time_ns:0 wr_bytes:0 wr_highest_offset:0 wr_merged:0 wr_operations:0 wr_total_time_ns:0] scsi0:map[account_failed:true account_invalid:true failed_flush_operations:0 failed_rd_operations:0 failed_unmap_operations:0 failed_wr_operations:0 flush_operations:93 flush_total_time_ns:2.69880843e+08 idle_time_ns:730264 invalid_flush_operations:0 invalid_rd_operations:0 invalid_unmap_operations:0 invalid_wr_operations:0 rd_bytes:2.24799744e+08 rd_merged:0 rd_operations:9210 rd_total_time_ns:1.02802765e+09 timed_stats:[] unmap_bytes:0 unmap_merged:0 unmap_operations:0 unmap_total_time_ns:0 wr_bytes:1.6332288e+07 wr_highest_offset:1.06955825152e+11 wr_merged:0 wr_operations:288 wr_total_time_ns:1.89274291e+08]] cpu:0 cpus:4 disk:0 diskread:2.25144002e+08 diskwrite:1.6332288e+07 freemem:1.6102535168e+10 ha:map[managed:0] maxdisk:1.073741824e+11 maxmem:1.7179869184e+10 mem:3.9917568e+08 name:bastion-okd netin:2579 netout:2319 nics:map[tap810i0:map[netin:832 netout:1182] tap810i1:map[netin:1747 netout:1137]] pid:130555 proxmox-support:map[backup-max-workers:true pbs-dirty-bitmap:true pbs-dirty-bitmap-migration:true pbs-dirty-bitmap-savevm:true pbs-library-version:1.3.1 (4d450bb294cac5316d2f23bf087c4b02c0543d79) pbs-masterkey:true query-bitmap-info:true] qmpstatus:running running-machine:pc-i440fx-7.1+pve0 running-qemu:7.1.0 serial:1 status:running uptime:15 vmid:810]
2023/12/16 17:38:36 [DEBUG][initConnInfo] ipconfig0 interfaces: [{00:00:00:00:00:00 [127.0.0.1 ::1] lo map[rx-bytes:1064 rx-dropped:0 rx-errs:0 rx-packets:14 tx-bytes:1064 tx-dropped:0 tx-errs:0 tx-packets:14]} {7a:00:00:00:03:08 [192.168.2.196 fe80::7800:ff:fe00:308] eth0 map[rx-bytes:662 rx-dropped:0 rx-errs:0 rx-packets:7 tx-bytes:1182 tx-dropped:0 tx-errs:0 tx-packets:15]} {b2:c0:3b:37:2d:28 [192.168.8.11 fe80::b0c0:3bff:fe37:2d28] eth1 map[rx-bytes:1529 rx-dropped:0 rx-errs:0 rx-packets:10 tx-bytes:1137 tx-dropped:0 tx-errs:0 tx-packets:15]}]
2023/12/16 17:38:36 [DEBUG][initConnInfo] found an ip configuration
2023/12/16 17:38:36 [DEBUG][initConnInfo] this is the vm configuration: 192.168.2.196 22
2023/12/16 17:38:36 [DEBUG][QemuVmCreate] vm creation done!
2023/12/16 17:38:37 [DEBUG] VM status: running
2023/12/16 18:45:45 [DEBUG] VM status: running
2023/12/16 18:45:45 [DEBUG] VM status: running
2023/12/16 18:45:45 [DEBUG] VM status: stopped
2023/12/16 18:45:45 [DEBUG] VM status: running
2023/12/16 18:45:45 [DEBUG] VM status: running
2023/12/16 18:45:46 [DEBUG] VM status: running
2023/12/16 18:45:46 [DEBUG] VM status: stopped
2023/12/16 18:45:46 [DEBUG] VM status: stopped
2023/12/16 18:55:22 [DEBUG] setting computed for "unused_disk" from ComputedKeys
2023/12/16 18:55:22 [DEBUG] setting computed for "unused_disk" from ComputedKeys
2023/12/16 18:55:22 [DEBUG] setting computed for "unused_disk" from ComputedKeys
2023/12/16 18:55:22 [DEBUG] setting computed for "unused_disk" from ComputedKeys
2023/12/16 18:55:22 [DEBUG] setting computed for "unused_disk" from ComputedKeys
2023/12/16 18:55:22 [DEBUG] setting computed for "unused_disk" from ComputedKeys
2023/12/16 18:55:22 [DEBUG] setting computed for "unused_disk" from ComputedKeys
2023/12/16 18:55:22 [DEBUG] setting computed for "unused_disk" from ComputedKeys
2023/12/16 18:55:22 [DEBUG][QemuVmCreate] checking for duplicate name: bootstrap
2023/12/16 18:55:22 [DEBUG][QemuVmCreate] checking for duplicate name: worker2
2023/12/16 18:55:22 [DEBUG][QemuVmCreate] checking for duplicate name: worker1
2023/12/16 18:55:22 [DEBUG][QemuVmCreate] checking for duplicate name: master2
2023/12/16 18:55:29 [DEBUG][QemuVmCreate] oncreate = false, not starting VM
2023/12/16 18:55:29 [DEBUG][QemuVmCreate] vm creation done!
2023/12/16 18:55:29 [DEBUG] VM status: stopped
2023/12/16 18:55:29 [DEBUG][QemuVmCreate] checking for duplicate name: worker0
2023/12/16 18:55:31 [DEBUG][QemuVmCreate] oncreate = false, not starting VM
2023/12/16 18:55:31 [DEBUG][QemuVmCreate] vm creation done!
2023/12/16 18:55:31 [DEBUG][QemuVmCreate] oncreate = false, not starting VM
2023/12/16 18:55:31 [DEBUG][QemuVmCreate] vm creation done!
2023/12/16 18:55:31 [DEBUG] VM status: stopped
2023/12/16 18:55:31 [DEBUG][QemuVmCreate] checking for duplicate name: bastion-okd
2023/12/16 18:55:31 [DEBUG][QemuVmCreate] cloning VM
2023/12/16 18:55:31 [DEBUG] VM status: stopped
2023/12/16 18:55:31 [DEBUG][QemuVmCreate] checking for duplicate name: master0
2023/12/16 18:55:33 [DEBUG][QemuVmCreate] oncreate = false, not starting VM
2023/12/16 18:55:33 [DEBUG][QemuVmCreate] vm creation done!
2023/12/16 18:55:33 [DEBUG] VM status: stopped
2023/12/16 18:55:33 [DEBUG][QemuVmCreate] checking for duplicate name: master1
2023/12/16 18:55:36 [DEBUG][QemuVmCreate] oncreate = false, not starting VM
2023/12/16 18:55:36 [DEBUG][QemuVmCreate] vm creation done!
2023/12/16 18:55:37 [DEBUG] VM status: stopped
2023/12/16 18:55:40 [DEBUG][QemuVmCreate] oncreate = false, not starting VM
2023/12/16 18:55:40 [DEBUG][QemuVmCreate] vm creation done!
2023/12/16 18:55:41 [DEBUG] VM status: stopped
2023/12/16 18:55:42 [DEBUG][QemuVmCreate] oncreate = false, not starting VM
2023/12/16 18:55:42 [DEBUG][QemuVmCreate] vm creation done!
2023/12/16 18:55:43 [DEBUG] VM status: stopped
2023/12/16 18:56:05 [DEBUG][QemuVmCreate] starting VM
2023/12/16 18:56:14 [INFO][initConnInfo] trying to get vm ip address for provisioner
2023/12/16 18:56:14 [DEBUG][initConnInfo] retrying for at most  20m0s minutes before giving up
2023/12/16 18:56:14 [DEBUG][initConnInfo] retries will end at 2023-12-16 19:16:14.421624 +0800 HKT m=+1252.483066176
2023/12/16 18:56:17 [DEBUG][initConnInfo] check ip result error 500 QEMU guest agent is not running
2023/12/16 18:56:22 [INFO][initConnInfo] found working QEMU Agent
2023/12/16 18:56:22 [DEBUG][initConnInfo] interfaces found: [{00:00:00:00:00:00 [127.0.0.1 ::1] lo map[rx-bytes:1064 rx-dropped:0 rx-errs:0 rx-packets:14 tx-bytes:1064 tx-dropped:0 tx-errs:0 tx-packets:14]} {7a:00:00:00:03:08 [192.168.2.196 fe80::7800:ff:fe00:308] eth0 map[rx-bytes:842 rx-dropped:0 rx-errs:0 rx-packets:9 tx-bytes:1272 tx-dropped:0 tx-errs:0 tx-packets:16]} {7a:ef:de:06:54:af [192.168.8.11 fe80::78ef:deff:fe06:54af] eth1 map[rx-bytes:907 rx-dropped:0 rx-errs:0 rx-packets:7 tx-bytes:1137 tx-dropped:0 tx-errs:0 tx-packets:15]}]
2023/12/16 18:56:22 [INFO][initConnInfo] trying to find IP address of first network card
2023/12/16 18:56:22 [DEBUG][initConnInfo] checking network card...
2023/12/16 18:56:22 [DEBUG][initConnInfo] checking network card...
2023/12/16 18:56:22 [DEBUG][initConnInfo] checking network card loop
2023/12/16 18:56:22 [DEBUG][initConnInfo] Found IP address: 192.168.2.196
2023/12/16 18:56:22 [DEBUG][initConnInfo] sshHost not empty: 192.168.2.196
2023/12/16 18:56:22 [DEBUG][initConnInfo] vm has a cloud-init configuration
2023/12/16 18:56:22 [DEBUG][initConnInfo] cloudinitcheck vm state map[agent:1 balloon:1.7179869184e+10 ballooninfo:map[actual:1.7179869184e+10 free_mem:1.6063066112e+10 last_update:1.702724183e+09 major_page_faults:934 max_mem:1.7179869184e+10 mem_swapped_in:0 mem_swapped_out:0 minor_page_faults:442922 total_mem:1.6501723136e+10] blockstat:map[ide2:map[account_failed:true account_invalid:true failed_flush_operations:0 failed_rd_operations:0 failed_unmap_operations:0 failed_wr_operations:0 flush_operations:0 flush_total_time_ns:0 idle_time_ns:3.485742169e+09 invalid_flush_operations:0 invalid_rd_operations:0 invalid_unmap_operations:0 invalid_wr_operations:0 rd_bytes:344258 rd_merged:0 rd_operations:96 rd_total_time_ns:9.960879e+06 timed_stats:[] unmap_bytes:0 unmap_merged:0 unmap_operations:0 unmap_total_time_ns:0 wr_bytes:0 wr_highest_offset:0 wr_merged:0 wr_operations:0 wr_total_time_ns:0] scsi0:map[account_failed:true account_invalid:true failed_flush_operations:0 failed_rd_operations:0 failed_unmap_operations:0 failed_wr_operations:0 flush_operations:88 flush_total_time_ns:2.47415609e+08 idle_time_ns:706588 invalid_flush_operations:0 invalid_rd_operations:0 invalid_unmap_operations:0 invalid_wr_operations:0 rd_bytes:2.32918528e+08 rd_merged:0 rd_operations:9432 rd_total_time_ns:1.215717759e+09 timed_stats:[] unmap_bytes:0 unmap_merged:0 unmap_operations:0 unmap_total_time_ns:0 wr_bytes:1.6299008e+07 wr_highest_offset:1.06955825152e+11 wr_merged:0 wr_operations:285 wr_total_time_ns:1.79150568e+08]] cpu:0 cpus:4 disk:0 diskread:2.33262786e+08 diskwrite:1.6299008e+07 freemem:1.6063066112e+10 ha:map[managed:0] maxdisk:1.073741824e+11 maxmem:1.7179869184e+10 mem:4.38657024e+08 name:bastion-okd netin:2009 netout:2499 nics:map[tap810i0:map[netin:1102 netout:1362] tap810i1:map[netin:907 netout:1137]] pid:237189 proxmox-support:map[backup-max-workers:true pbs-dirty-bitmap:true pbs-dirty-bitmap-migration:true pbs-dirty-bitmap-savevm:true pbs-library-version:1.3.1 (4d450bb294cac5316d2f23bf087c4b02c0543d79) pbs-masterkey:true query-bitmap-info:true] qmpstatus:running running-machine:pc-i440fx-7.1+pve0 running-qemu:7.1.0 serial:1 status:running uptime:15 vmid:810]
2023/12/16 18:56:23 [DEBUG][initConnInfo] ipconfig0 interfaces: [{00:00:00:00:00:00 [127.0.0.1 ::1] lo map[rx-bytes:1064 rx-dropped:0 rx-errs:0 rx-packets:14 tx-bytes:1064 tx-dropped:0 tx-errs:0 tx-packets:14]} {7a:00:00:00:03:08 [192.168.2.196 fe80::7800:ff:fe00:308] eth0 map[rx-bytes:932 rx-dropped:0 rx-errs:0 rx-packets:10 tx-bytes:1362 tx-dropped:0 tx-errs:0 tx-packets:17]} {7a:ef:de:06:54:af [192.168.8.11 fe80::78ef:deff:fe06:54af] eth1 map[rx-bytes:907 rx-dropped:0 rx-errs:0 rx-packets:7 tx-bytes:1293 tx-dropped:0 tx-errs:0 tx-packets:17]}]
2023/12/16 18:56:23 [DEBUG][initConnInfo] found an ip configuration
2023/12/16 18:56:23 [DEBUG][initConnInfo] this is the vm configuration: 192.168.2.196 22
2023/12/16 18:56:23 [DEBUG][QemuVmCreate] vm creation done!
2023/12/16 18:56:24 [DEBUG] VM status: running
2023/12/16 18:56:54 [DEBUG] VM status: stopped
2023/12/16 18:56:54 [DEBUG] VM status: stopped
2023/12/16 18:56:55 [DEBUG] VM status: stopped
2023/12/16 18:56:55 [DEBUG] VM status: running
2023/12/16 18:56:56 [DEBUG] VM status: stopped
2023/12/16 18:56:56 [DEBUG] VM status: stopped
2023/12/16 18:56:56 [DEBUG] VM status: stopped
2023/12/16 18:56:56 [DEBUG] VM status: stopped
2023/12/16 18:57:25 [DEBUG] setting computed for "unused_disk" from ComputedKeys
2023/12/16 18:57:25 [DEBUG] setting computed for "unused_disk" from ComputedKeys
2023/12/16 18:57:25 [DEBUG] setting computed for "unused_disk" from ComputedKeys
2023/12/16 18:57:25 [DEBUG] setting computed for "unused_disk" from ComputedKeys
2023/12/16 18:57:25 [DEBUG] setting computed for "unused_disk" from ComputedKeys
2023/12/16 18:57:25 [DEBUG] setting computed for "unused_disk" from ComputedKeys
2023/12/16 18:57:25 [DEBUG] setting computed for "unused_disk" from ComputedKeys
2023/12/16 18:57:25 [DEBUG] setting computed for "unused_disk" from ComputedKeys
2023/12/16 18:57:25 [DEBUG][QemuVmCreate] checking for duplicate name: bootstrap
2023/12/16 18:57:25 [DEBUG][QemuVmCreate] checking for duplicate name: master0
2023/12/16 18:57:25 [DEBUG][QemuVmCreate] checking for duplicate name: worker2
2023/12/16 18:57:25 [DEBUG][QemuVmCreate] checking for duplicate name: worker1
2023/12/16 18:57:32 [DEBUG][QemuVmCreate] oncreate = false, not starting VM
2023/12/16 18:57:32 [DEBUG][QemuVmCreate] vm creation done!
2023/12/16 18:57:33 [DEBUG] VM status: stopped
2023/12/16 18:57:33 [DEBUG][QemuVmCreate] checking for duplicate name: worker0
2023/12/16 18:57:34 [DEBUG][QemuVmCreate] oncreate = false, not starting VM
2023/12/16 18:57:34 [DEBUG][QemuVmCreate] vm creation done!
2023/12/16 18:57:34 [DEBUG][QemuVmCreate] oncreate = false, not starting VM
2023/12/16 18:57:34 [DEBUG][QemuVmCreate] vm creation done!
2023/12/16 18:57:35 [DEBUG] VM status: stopped
2023/12/16 18:57:35 [DEBUG][QemuVmCreate] checking for duplicate name: master2
2023/12/16 18:57:35 [DEBUG] VM status: stopped
2023/12/16 18:57:35 [DEBUG][QemuVmCreate] checking for duplicate name: bastion-okd
2023/12/16 18:57:35 [DEBUG][QemuVmCreate] cloning VM
2023/12/16 18:57:36 [DEBUG][QemuVmCreate] oncreate = false, not starting VM
2023/12/16 18:57:36 [DEBUG][QemuVmCreate] vm creation done!
2023/12/16 18:57:37 [DEBUG] VM status: stopped
2023/12/16 18:57:37 [DEBUG][QemuVmCreate] checking for duplicate name: master1
2023/12/16 18:57:40 [DEBUG][QemuVmCreate] oncreate = false, not starting VM
2023/12/16 18:57:40 [DEBUG][QemuVmCreate] vm creation done!
2023/12/16 18:57:41 [DEBUG] VM status: stopped
2023/12/16 18:57:42 [DEBUG][QemuVmCreate] oncreate = false, not starting VM
2023/12/16 18:57:42 [DEBUG][QemuVmCreate] vm creation done!
2023/12/16 18:57:43 [DEBUG] VM status: stopped
2023/12/16 18:57:44 [DEBUG][QemuVmCreate] oncreate = false, not starting VM
2023/12/16 18:57:44 [DEBUG][QemuVmCreate] vm creation done!
2023/12/16 18:57:45 [DEBUG] VM status: stopped
2023/12/16 18:58:11 [DEBUG][QemuVmCreate] starting VM
2023/12/16 18:58:20 [INFO][initConnInfo] trying to get vm ip address for provisioner
2023/12/16 18:58:20 [DEBUG][initConnInfo] retrying for at most  20m0s minutes before giving up
2023/12/16 18:58:20 [DEBUG][initConnInfo] retries will end at 2023-12-16 19:18:20.337157 +0800 HKT m=+1254.968856080
2023/12/16 18:58:23 [DEBUG][initConnInfo] check ip result error 500 QEMU guest agent is not running
2023/12/16 18:58:28 [INFO][initConnInfo] found working QEMU Agent
2023/12/16 18:58:28 [DEBUG][initConnInfo] interfaces found: [{00:00:00:00:00:00 [127.0.0.1 ::1] lo map[rx-bytes:1064 rx-dropped:0 rx-errs:0 rx-packets:14 tx-bytes:1064 tx-dropped:0 tx-errs:0 tx-packets:14]} {7a:00:00:00:03:08 [192.168.2.196 fe80::7800:ff:fe00:308] eth0 map[rx-bytes:842 rx-dropped:0 rx-errs:0 rx-packets:9 tx-bytes:1272 tx-dropped:0 tx-errs:0 tx-packets:16]} {32:a7:e4:3f:e1:7b [192.168.8.11 fe80::30a7:e4ff:fe3f:e17b] eth1 map[rx-bytes:907 rx-dropped:0 rx-errs:0 rx-packets:7 tx-bytes:1137 tx-dropped:0 tx-errs:0 tx-packets:15]}]
2023/12/16 18:58:28 [INFO][initConnInfo] trying to find IP address of first network card
2023/12/16 18:58:28 [DEBUG][initConnInfo] checking network card...
2023/12/16 18:58:28 [DEBUG][initConnInfo] checking network card...
2023/12/16 18:58:28 [DEBUG][initConnInfo] checking network card loop
2023/12/16 18:58:28 [DEBUG][initConnInfo] Found IP address: 192.168.2.196
2023/12/16 18:58:28 [DEBUG][initConnInfo] sshHost not empty: 192.168.2.196
2023/12/16 18:58:28 [DEBUG][initConnInfo] vm has a cloud-init configuration
2023/12/16 18:58:28 [DEBUG][initConnInfo] cloudinitcheck vm state map[agent:1 balloon:1.7179869184e+10 ballooninfo:map[actual:1.7179869184e+10 free_mem:1.609381888e+10 last_update:1.702724309e+09 major_page_faults:867 max_mem:1.7179869184e+10 mem_swapped_in:0 mem_swapped_out:0 minor_page_faults:378777 total_mem:1.6501723136e+10] blockstat:map[ide2:map[account_failed:true account_invalid:true failed_flush_operations:0 failed_rd_operations:0 failed_unmap_operations:0 failed_wr_operations:0 flush_operations:0 flush_total_time_ns:0 idle_time_ns:3.456937337e+09 invalid_flush_operations:0 invalid_rd_operations:0 invalid_unmap_operations:0 invalid_wr_operations:0 rd_bytes:344258 rd_merged:0 rd_operations:96 rd_total_time_ns:1.0588535e+07 timed_stats:[] unmap_bytes:0 unmap_merged:0 unmap_operations:0 unmap_total_time_ns:0 wr_bytes:0 wr_highest_offset:0 wr_merged:0 wr_operations:0 wr_total_time_ns:0] scsi0:map[account_failed:true account_invalid:true failed_flush_operations:0 failed_rd_operations:0 failed_unmap_operations:0 failed_wr_operations:0 flush_operations:93 flush_total_time_ns:2.73746014e+08 idle_time_ns:1.275936e+06 invalid_flush_operations:0 invalid_rd_operations:0 invalid_unmap_operations:0 invalid_wr_operations:0 rd_bytes:2.24541696e+08 rd_merged:0 rd_operations:9160 rd_total_time_ns:1.326122429e+09 timed_stats:[] unmap_bytes:0 unmap_merged:0 unmap_operations:0 unmap_total_time_ns:0 wr_bytes:1.632e+07 wr_highest_offset:1.06955825152e+11 wr_merged:0 wr_operations:287 wr_total_time_ns:1.69260372e+08]] cpu:0 cpus:4 disk:0 diskread:2.24885954e+08 diskwrite:1.632e+07 freemem:1.609381888e+10 ha:map[managed:0] maxdisk:1.073741824e+11 maxmem:1.7179869184e+10 mem:4.07904256e+08 name:bastion-okd netin:2009 netout:2499 nics:map[tap800i0:map[netin:1102 netout:1362] tap800i1:map[netin:907 netout:1137]] pid:261892 proxmox-support:map[backup-max-workers:true pbs-dirty-bitmap:true pbs-dirty-bitmap-migration:true pbs-dirty-bitmap-savevm:true pbs-library-version:1.3.1 (4d450bb294cac5316d2f23bf087c4b02c0543d79) pbs-masterkey:true query-bitmap-info:true] qmpstatus:running running-machine:pc-i440fx-7.1+pve0 running-qemu:7.1.0 serial:1 status:running uptime:15 vmid:800]
2023/12/16 18:58:29 [DEBUG][initConnInfo] ipconfig0 interfaces: [{00:00:00:00:00:00 [127.0.0.1 ::1] lo map[rx-bytes:1064 rx-dropped:0 rx-errs:0 rx-packets:14 tx-bytes:1064 tx-dropped:0 tx-errs:0 tx-packets:14]} {7a:00:00:00:03:08 [192.168.2.196 fe80::7800:ff:fe00:308] eth0 map[rx-bytes:932 rx-dropped:0 rx-errs:0 rx-packets:10 tx-bytes:1362 tx-dropped:0 tx-errs:0 tx-packets:17]} {32:a7:e4:3f:e1:7b [192.168.8.11 fe80::30a7:e4ff:fe3f:e17b] eth1 map[rx-bytes:907 rx-dropped:0 rx-errs:0 rx-packets:7 tx-bytes:1137 tx-dropped:0 tx-errs:0 tx-packets:15]}]
2023/12/16 18:58:29 [DEBUG][initConnInfo] found an ip configuration
2023/12/16 18:58:29 [DEBUG][initConnInfo] this is the vm configuration: 192.168.2.196 22
2023/12/16 18:58:29 [DEBUG][QemuVmCreate] vm creation done!
2023/12/16 18:58:30 [DEBUG] VM status: running
2023/12/16 18:58:39 [DEBUG] VM status: stopped
2023/12/16 18:58:39 [DEBUG] VM status: stopped
2023/12/16 18:58:40 [DEBUG] VM status: stopped
2023/12/16 18:58:40 [DEBUG] VM status: stopped
2023/12/16 18:58:40 [DEBUG] VM status: stopped
2023/12/16 18:58:40 [DEBUG] VM status: stopped
2023/12/16 18:58:41 [DEBUG] VM status: stopped
2023/12/16 18:58:41 [DEBUG] VM status: running
2023/12/16 18:58:58 [DEBUG] setting computed for "unused_disk" from ComputedKeys
2023/12/16 18:58:58 [DEBUG] setting computed for "unused_disk" from ComputedKeys
2023/12/16 18:58:58 [DEBUG] setting computed for "unused_disk" from ComputedKeys
2023/12/16 18:58:58 [DEBUG] setting computed for "unused_disk" from ComputedKeys
2023/12/16 18:58:58 [DEBUG] setting computed for "unused_disk" from ComputedKeys
2023/12/16 18:58:58 [DEBUG] setting computed for "unused_disk" from ComputedKeys
2023/12/16 18:58:58 [DEBUG] setting computed for "unused_disk" from ComputedKeys
2023/12/16 18:58:58 [DEBUG] setting computed for "unused_disk" from ComputedKeys
2023/12/16 18:58:58 [DEBUG][QemuVmCreate] checking for duplicate name: okd-bastion
2023/12/16 18:58:58 [DEBUG][QemuVmCreate] checking for duplicate name: master1
2023/12/16 18:58:58 [DEBUG][QemuVmCreate] checking for duplicate name: master0
2023/12/16 18:58:58 [DEBUG][QemuVmCreate] checking for duplicate name: worker1
2023/12/16 18:58:58 [DEBUG][QemuVmCreate] cloning VM
2023/12/16 18:59:07 [DEBUG][QemuVmCreate] oncreate = false, not starting VM
2023/12/16 18:59:07 [DEBUG][QemuVmCreate] vm creation done!
2023/12/16 18:59:07 [DEBUG][QemuVmCreate] oncreate = false, not starting VM
2023/12/16 18:59:07 [DEBUG][QemuVmCreate] vm creation done!
2023/12/16 18:59:08 [DEBUG] VM status: stopped
2023/12/16 18:59:08 [DEBUG] VM status: stopped
2023/12/16 18:59:08 [DEBUG][QemuVmCreate] checking for duplicate name: worker2
2023/12/16 18:59:08 [DEBUG][QemuVmCreate] checking for duplicate name: master2
2023/12/16 18:59:09 [DEBUG][QemuVmCreate] oncreate = false, not starting VM
2023/12/16 18:59:09 [DEBUG][QemuVmCreate] vm creation done!
2023/12/16 18:59:10 [DEBUG] VM status: stopped
2023/12/16 18:59:10 [DEBUG][QemuVmCreate] checking for duplicate name: bootstrap
2023/12/16 18:59:15 [DEBUG][QemuVmCreate] oncreate = false, not starting VM
2023/12/16 18:59:15 [DEBUG][QemuVmCreate] vm creation done!
2023/12/16 18:59:16 [DEBUG] VM status: stopped
2023/12/16 18:59:16 [DEBUG][QemuVmCreate] checking for duplicate name: worker0
2023/12/16 18:59:17 [DEBUG][QemuVmCreate] oncreate = false, not starting VM
2023/12/16 18:59:17 [DEBUG][QemuVmCreate] vm creation done!
2023/12/16 18:59:17 [DEBUG][QemuVmCreate] oncreate = false, not starting VM
2023/12/16 18:59:17 [DEBUG][QemuVmCreate] vm creation done!
2023/12/16 18:59:18 [DEBUG] VM status: stopped
2023/12/16 18:59:18 [DEBUG] VM status: stopped
2023/12/16 18:59:23 [DEBUG][QemuVmCreate] oncreate = false, not starting VM
2023/12/16 18:59:23 [DEBUG][QemuVmCreate] vm creation done!
2023/12/16 18:59:24 [DEBUG] VM status: stopped
2023/12/16 18:59:36 [DEBUG][QemuVmCreate] starting VM
2023/12/16 18:59:45 [INFO][initConnInfo] trying to get vm ip address for provisioner
2023/12/16 18:59:45 [DEBUG][initConnInfo] retrying for at most  20m0s minutes before giving up
2023/12/16 18:59:45 [DEBUG][initConnInfo] retries will end at 2023-12-16 19:19:45.527653 +0800 HKT m=+1246.902519277
2023/12/16 18:59:48 [DEBUG][initConnInfo] check ip result error 500 QEMU guest agent is not running
2023/12/16 18:59:53 [INFO][initConnInfo] found working QEMU Agent
2023/12/16 18:59:53 [DEBUG][initConnInfo] interfaces found: [{00:00:00:00:00:00 [127.0.0.1 ::1] lo map[rx-bytes:1064 rx-dropped:0 rx-errs:0 rx-packets:14 tx-bytes:1064 tx-dropped:0 tx-errs:0 tx-packets:14]} {7a:00:00:00:03:08 [192.168.2.196 fe80::7800:ff:fe00:308] eth0 map[rx-bytes:2786 rx-dropped:0 rx-errs:0 rx-packets:21 tx-bytes:1416 tx-dropped:0 tx-errs:0 tx-packets:18]} {a2:0a:4d:51:12:82 [192.168.8.11 fe80::a00a:4dff:fe51:1282] eth1 map[rx-bytes:1921 rx-dropped:0 rx-errs:0 rx-packets:13 tx-bytes:1623 tx-dropped:0 tx-errs:0 tx-packets:21]}]
2023/12/16 18:59:53 [INFO][initConnInfo] trying to find IP address of first network card
2023/12/16 18:59:53 [DEBUG][initConnInfo] checking network card...
2023/12/16 18:59:53 [DEBUG][initConnInfo] checking network card...
2023/12/16 18:59:53 [DEBUG][initConnInfo] checking network card loop
2023/12/16 18:59:53 [DEBUG][initConnInfo] Found IP address: 192.168.2.196
2023/12/16 18:59:53 [DEBUG][initConnInfo] sshHost not empty: 192.168.2.196
2023/12/16 18:59:53 [DEBUG][initConnInfo] vm has a cloud-init configuration
2023/12/16 18:59:53 [DEBUG][initConnInfo] cloudinitcheck vm state map[agent:1 balloon:1.7179869184e+10 ballooninfo:map[actual:1.7179869184e+10 free_mem:1.6057573376e+10 last_update:1.702724394e+09 major_page_faults:866 max_mem:1.7179869184e+10 mem_swapped_in:0 mem_swapped_out:0 minor_page_faults:408925 total_mem:1.650171904e+10] blockstat:map[ide2:map[account_failed:true account_invalid:true failed_flush_operations:0 failed_rd_operations:0 failed_unmap_operations:0 failed_wr_operations:0 flush_operations:0 flush_total_time_ns:0 idle_time_ns:3.522593379e+09 invalid_flush_operations:0 invalid_rd_operations:0 invalid_unmap_operations:0 invalid_wr_operations:0 rd_bytes:344258 rd_merged:0 rd_operations:96 rd_total_time_ns:9.738365e+06 timed_stats:[] unmap_bytes:0 unmap_merged:0 unmap_operations:0 unmap_total_time_ns:0 wr_bytes:0 wr_highest_offset:0 wr_merged:0 wr_operations:0 wr_total_time_ns:0] scsi0:map[account_failed:true account_invalid:true failed_flush_operations:0 failed_rd_operations:0 failed_unmap_operations:0 failed_wr_operations:0 flush_operations:88 flush_total_time_ns:2.41542207e+08 idle_time_ns:1.709443e+06 invalid_flush_operations:0 invalid_rd_operations:0 invalid_unmap_operations:0 invalid_wr_operations:0 rd_bytes:2.26782208e+08 rd_merged:0 rd_operations:9268 rd_total_time_ns:1.164370047e+09 timed_stats:[] unmap_bytes:0 unmap_merged:0 unmap_operations:0 unmap_total_time_ns:0 wr_bytes:1.629952e+07 wr_highest_offset:1.06955825152e+11 wr_merged:0 wr_operations:286 wr_total_time_ns:1.92517045e+08]] cpu:0 cpus:4 disk:0 diskread:2.27126466e+08 diskwrite:1.629952e+07 freemem:1.6057573376e+10 ha:map[managed:0] maxdisk:1.073741824e+11 maxmem:1.7179869184e+10 mem:4.44145664e+08 name:okd-bastion netin:4877 netout:3039 nics:map[tap800i0:map[netin:2956 netout:1416] tap800i1:map[netin:1921 netout:1623]] pid:277603 proxmox-support:map[backup-max-workers:true pbs-dirty-bitmap:true pbs-dirty-bitmap-migration:true pbs-dirty-bitmap-savevm:true pbs-library-version:1.3.1 (4d450bb294cac5316d2f23bf087c4b02c0543d79) pbs-masterkey:true query-bitmap-info:true] qmpstatus:running running-machine:pc-i440fx-7.1+pve0 running-qemu:7.1.0 serial:1 status:running uptime:15 vmid:800]
2023/12/16 18:59:54 [DEBUG][initConnInfo] ipconfig0 interfaces: [{00:00:00:00:00:00 [127.0.0.1 ::1] lo map[rx-bytes:1064 rx-dropped:0 rx-errs:0 rx-packets:14 tx-bytes:1064 tx-dropped:0 tx-errs:0 tx-packets:14]} {7a:00:00:00:03:08 [192.168.2.196 fe80::7800:ff:fe00:308] eth0 map[rx-bytes:2786 rx-dropped:0 rx-errs:0 rx-packets:21 tx-bytes:1416 tx-dropped:0 tx-errs:0 tx-packets:18]} {a2:0a:4d:51:12:82 [192.168.8.11 fe80::a00a:4dff:fe51:1282] eth1 map[rx-bytes:1921 rx-dropped:0 rx-errs:0 rx-packets:13 tx-bytes:1623 tx-dropped:0 tx-errs:0 tx-packets:21]}]
2023/12/16 18:59:54 [DEBUG][initConnInfo] found an ip configuration
2023/12/16 18:59:54 [DEBUG][initConnInfo] this is the vm configuration: 192.168.2.196 22
2023/12/16 18:59:54 [DEBUG][QemuVmCreate] vm creation done!
2023/12/16 18:59:55 [DEBUG] VM status: running
2023/12/16 20:32:51 [DEBUG] VM status: stopped
2023/12/16 20:32:51 [DEBUG] VM status: running
2023/12/16 20:32:52 [DEBUG] VM status: stopped
2023/12/16 20:32:52 [DEBUG] VM status: stopped
2023/12/16 20:32:52 [DEBUG] VM status: stopped
2023/12/16 20:32:52 [DEBUG] VM status: stopped
2023/12/16 20:32:52 [DEBUG] VM status: stopped
2023/12/16 20:32:53 [DEBUG] VM status: running
2023/12/16 20:34:52 [DEBUG] setting computed for "unused_disk" from ComputedKeys
2023/12/16 20:34:52 [DEBUG] setting computed for "unused_disk" from ComputedKeys
2023/12/16 20:34:52 [DEBUG] setting computed for "unused_disk" from ComputedKeys
2023/12/16 20:34:52 [DEBUG] setting computed for "unused_disk" from ComputedKeys
2023/12/16 20:34:52 [DEBUG] setting computed for "unused_disk" from ComputedKeys
2023/12/16 20:34:52 [DEBUG] setting computed for "unused_disk" from ComputedKeys
2023/12/16 20:34:52 [DEBUG] setting computed for "unused_disk" from ComputedKeys
2023/12/16 20:34:52 [DEBUG] setting computed for "unused_disk" from ComputedKeys
2023/12/16 20:34:52 [DEBUG][QemuVmCreate] checking for duplicate name: worker0
2023/12/16 20:34:52 [DEBUG][QemuVmCreate] checking for duplicate name: worker2
2023/12/16 20:34:52 [DEBUG][QemuVmCreate] checking for duplicate name: worker1
2023/12/16 20:34:52 [DEBUG][QemuVmCreate] checking for duplicate name: master0
2023/12/16 20:34:59 [DEBUG][QemuVmCreate] oncreate = false, not starting VM
2023/12/16 20:34:59 [DEBUG][QemuVmCreate] vm creation done!
2023/12/16 20:35:00 [DEBUG] VM status: stopped
2023/12/16 20:35:00 [DEBUG][QemuVmCreate] checking for duplicate name: master1
2023/12/16 20:35:01 [DEBUG][QemuVmCreate] oncreate = false, not starting VM
2023/12/16 20:35:01 [DEBUG][QemuVmCreate] vm creation done!
2023/12/16 20:35:01 [DEBUG][QemuVmCreate] oncreate = false, not starting VM
2023/12/16 20:35:01 [DEBUG][QemuVmCreate] vm creation done!
2023/12/16 20:35:02 [DEBUG] VM status: stopped
2023/12/16 20:35:02 [DEBUG][QemuVmCreate] checking for duplicate name: master2
2023/12/16 20:35:02 [DEBUG] VM status: stopped
2023/12/16 20:35:02 [DEBUG][QemuVmCreate] checking for duplicate name: bootstrap
2023/12/16 20:35:03 [DEBUG][QemuVmCreate] oncreate = false, not starting VM
2023/12/16 20:35:03 [DEBUG][QemuVmCreate] vm creation done!
2023/12/16 20:35:04 [DEBUG] VM status: stopped
2023/12/16 20:35:04 [DEBUG][QemuVmCreate] checking for duplicate name: okd-bastion
2023/12/16 20:35:04 [DEBUG][QemuVmCreate] cloning VM
2023/12/16 20:35:07 [DEBUG][QemuVmCreate] oncreate = false, not starting VM
2023/12/16 20:35:07 [DEBUG][QemuVmCreate] vm creation done!
2023/12/16 20:35:08 [DEBUG] VM status: stopped
2023/12/16 20:35:09 [DEBUG][QemuVmCreate] oncreate = false, not starting VM
2023/12/16 20:35:09 [DEBUG][QemuVmCreate] vm creation done!
2023/12/16 20:35:10 [DEBUG] VM status: stopped
2023/12/16 20:35:11 [DEBUG][QemuVmCreate] oncreate = false, not starting VM
2023/12/16 20:35:11 [DEBUG][QemuVmCreate] vm creation done!
2023/12/16 20:35:12 [DEBUG] VM status: stopped
2023/12/16 20:35:37 [DEBUG][QemuVmCreate] starting VM
2023/12/16 20:35:46 [INFO][initConnInfo] trying to get vm ip address for provisioner
2023/12/16 20:35:46 [DEBUG][initConnInfo] retrying for at most  20m0s minutes before giving up
2023/12/16 20:35:46 [DEBUG][initConnInfo] retries will end at 2023-12-16 20:55:46.941051 +0800 HKT m=+1254.316193927
2023/12/16 20:35:50 [DEBUG][initConnInfo] check ip result error 500 QEMU guest agent is not running
2023/12/16 20:35:55 [INFO][initConnInfo] found working QEMU Agent
2023/12/16 20:35:55 [DEBUG][initConnInfo] interfaces found: [{00:00:00:00:00:00 [127.0.0.1 ::1] lo map[rx-bytes:1064 rx-dropped:0 rx-errs:0 rx-packets:14 tx-bytes:1064 tx-dropped:0 tx-errs:0 tx-packets:14]} {7a:00:00:00:03:08 [192.168.2.196 fe80::7800:ff:fe00:308] eth0 map[rx-bytes:662 rx-dropped:0 rx-errs:0 rx-packets:7 tx-bytes:1092 tx-dropped:0 tx-errs:0 tx-packets:14]} {ae:04:0a:3e:ee:c4 [192.168.8.11 fe80::ac04:aff:fe3e:eec4] eth1 map[rx-bytes:1124 rx-dropped:0 rx-errs:0 rx-packets:8 tx-bytes:1293 tx-dropped:0 tx-errs:0 tx-packets:17]}]
2023/12/16 20:35:55 [INFO][initConnInfo] trying to find IP address of first network card
2023/12/16 20:35:55 [DEBUG][initConnInfo] checking network card...
2023/12/16 20:35:55 [DEBUG][initConnInfo] checking network card...
2023/12/16 20:35:55 [DEBUG][initConnInfo] checking network card loop
2023/12/16 20:35:55 [DEBUG][initConnInfo] Found IP address: 192.168.2.196
2023/12/16 20:35:55 [DEBUG][initConnInfo] sshHost not empty: 192.168.2.196
2023/12/16 20:35:55 [DEBUG][initConnInfo] vm has a cloud-init configuration
2023/12/16 20:35:55 [DEBUG][initConnInfo] cloudinitcheck vm state map[agent:1 balloon:1.7179869184e+10 ballooninfo:map[actual:1.7179869184e+10 free_mem:1.6022679552e+10 last_update:1.702730155e+09 major_page_faults:953 max_mem:1.7179869184e+10 mem_swapped_in:0 mem_swapped_out:0 minor_page_faults:501320 total_mem:1.6501723136e+10] blockstat:map[ide2:map[account_failed:true account_invalid:true failed_flush_operations:0 failed_rd_operations:0 failed_unmap_operations:0 failed_wr_operations:0 flush_operations:0 flush_total_time_ns:0 idle_time_ns:3.776282851e+09 invalid_flush_operations:0 invalid_rd_operations:0 invalid_unmap_operations:0 invalid_wr_operations:0 rd_bytes:344258 rd_merged:0 rd_operations:96 rd_total_time_ns:9.723332e+06 timed_stats:[] unmap_bytes:0 unmap_merged:0 unmap_operations:0 unmap_total_time_ns:0 wr_bytes:0 wr_highest_offset:0 wr_merged:0 wr_operations:0 wr_total_time_ns:0] scsi0:map[account_failed:true account_invalid:true failed_flush_operations:0 failed_rd_operations:0 failed_unmap_operations:0 failed_wr_operations:0 flush_operations:88 flush_total_time_ns:2.48138376e+08 idle_time_ns:100432 invalid_flush_operations:0 invalid_rd_operations:0 invalid_unmap_operations:0 invalid_wr_operations:0 rd_bytes:2.39636992e+08 rd_merged:0 rd_operations:9853 rd_total_time_ns:1.04675347e+09 timed_stats:[] unmap_bytes:0 unmap_merged:0 unmap_operations:0 unmap_total_time_ns:0 wr_bytes:1.6344576e+07 wr_highest_offset:1.06955825152e+11 wr_merged:0 wr_operations:291 wr_total_time_ns:1.54105288e+08]] cpu:0 cpus:4 disk:0 diskread:2.3998125e+08 diskwrite:1.6344576e+07 freemem:1.6022679552e+10 ha:map[managed:0] maxdisk:1.073741824e+11 maxmem:1.7179869184e+10 mem:4.79043584e+08 name:okd-bastion netin:2327 netout:2549 nics:map[tap800i0:map[netin:922 netout:1256] tap800i1:map[netin:1405 netout:1293]] pid:368624 proxmox-support:map[backup-max-workers:true pbs-dirty-bitmap:true pbs-dirty-bitmap-migration:true pbs-dirty-bitmap-savevm:true pbs-library-version:1.3.1 (4d450bb294cac5316d2f23bf087c4b02c0543d79) pbs-masterkey:true query-bitmap-info:true] qmpstatus:running running-machine:pc-i440fx-7.1+pve0 running-qemu:7.1.0 serial:1 status:running uptime:15 vmid:800]
2023/12/16 20:35:55 [DEBUG][initConnInfo] ipconfig0 interfaces: [{00:00:00:00:00:00 [127.0.0.1 ::1] lo map[rx-bytes:1064 rx-dropped:0 rx-errs:0 rx-packets:14 tx-bytes:1064 tx-dropped:0 tx-errs:0 tx-packets:14]} {7a:00:00:00:03:08 [192.168.2.196 fe80::7800:ff:fe00:308] eth0 map[rx-bytes:826 rx-dropped:0 rx-errs:0 rx-packets:9 tx-bytes:1322 tx-dropped:0 tx-errs:0 tx-packets:17]} {ae:04:0a:3e:ee:c4 [192.168.8.11 fe80::ac04:aff:fe3e:eec4] eth1 map[rx-bytes:1405 rx-dropped:0 rx-errs:0 rx-packets:9 tx-bytes:1293 tx-dropped:0 tx-errs:0 tx-packets:17]}]
2023/12/16 20:35:55 [DEBUG][initConnInfo] found an ip configuration
2023/12/16 20:35:55 [DEBUG][initConnInfo] this is the vm configuration: 192.168.2.196 22
2023/12/16 20:35:55 [DEBUG][QemuVmCreate] vm creation done!
2023/12/16 20:35:56 [DEBUG] VM status: running
2023/12/16 22:20:30 [DEBUG] VM status: stopped
2023/12/16 22:20:30 [DEBUG] VM status: stopped
2023/12/16 22:20:31 [DEBUG] VM status: stopped
2023/12/16 22:20:31 [DEBUG] VM status: stopped
2023/12/16 22:20:31 [DEBUG] VM status: running
2023/12/16 22:20:31 [DEBUG] VM status: running
2023/12/16 22:20:31 [DEBUG] VM status: stopped
2023/12/16 22:20:32 [DEBUG] VM status: stopped
2023/12/16 22:21:06 [DEBUG] setting computed for "unused_disk" from ComputedKeys
2023/12/16 22:21:06 [DEBUG] setting computed for "unused_disk" from ComputedKeys
2023/12/16 22:21:06 [DEBUG] setting computed for "unused_disk" from ComputedKeys
2023/12/16 22:21:06 [DEBUG] setting computed for "unused_disk" from ComputedKeys
2023/12/16 22:21:06 [DEBUG] setting computed for "unused_disk" from ComputedKeys
2023/12/16 22:21:06 [DEBUG] setting computed for "unused_disk" from ComputedKeys
2023/12/16 22:21:06 [DEBUG] setting computed for "unused_disk" from ComputedKeys
2023/12/16 22:21:06 [DEBUG] setting computed for "unused_disk" from ComputedKeys
2023/12/16 22:21:06 [DEBUG][QemuVmCreate] checking for duplicate name: worker0
2023/12/16 22:21:06 [DEBUG][QemuVmCreate] checking for duplicate name: master1
2023/12/16 22:21:06 [DEBUG][QemuVmCreate] checking for duplicate name: worker1
2023/12/16 22:21:06 [DEBUG][QemuVmCreate] checking for duplicate name: master2
2023/12/16 22:21:13 [DEBUG][QemuVmCreate] oncreate = false, not starting VM
2023/12/16 22:21:13 [DEBUG][QemuVmCreate] vm creation done!
2023/12/16 22:21:13 [DEBUG] VM status: stopped
2023/12/16 22:21:13 [DEBUG][QemuVmCreate] checking for duplicate name: worker2
2023/12/16 22:21:15 [DEBUG][QemuVmCreate] oncreate = false, not starting VM
2023/12/16 22:21:15 [DEBUG][QemuVmCreate] vm creation done!
2023/12/16 22:21:15 [DEBUG][QemuVmCreate] oncreate = false, not starting VM
2023/12/16 22:21:15 [DEBUG][QemuVmCreate] vm creation done!
2023/12/16 22:21:15 [DEBUG][QemuVmCreate] checking for duplicate name: okd-bastion
2023/12/16 22:21:15 [DEBUG][QemuVmCreate] cloning VM
2023/12/16 22:21:15 [DEBUG] VM status: stopped
2023/12/16 22:21:15 [DEBUG][QemuVmCreate] checking for duplicate name: master0
2023/12/16 22:21:17 [DEBUG][QemuVmCreate] oncreate = false, not starting VM
2023/12/16 22:21:17 [DEBUG][QemuVmCreate] vm creation done!
2023/12/16 22:21:17 [DEBUG] VM status: stopped
2023/12/16 22:21:18 [DEBUG] VM status: stopped
2023/12/16 22:21:18 [DEBUG][QemuVmCreate] checking for duplicate name: bootstrap
2023/12/16 22:21:20 [DEBUG][QemuVmCreate] oncreate = false, not starting VM
2023/12/16 22:21:20 [DEBUG][QemuVmCreate] vm creation done!
2023/12/16 22:21:21 [DEBUG] VM status: stopped
2023/12/16 22:21:22 [DEBUG][QemuVmCreate] oncreate = false, not starting VM
2023/12/16 22:21:22 [DEBUG][QemuVmCreate] vm creation done!
2023/12/16 22:21:23 [DEBUG] VM status: stopped
2023/12/16 22:21:25 [DEBUG][QemuVmCreate] oncreate = false, not starting VM
2023/12/16 22:21:25 [DEBUG][QemuVmCreate] vm creation done!
2023/12/16 22:21:26 [DEBUG] VM status: stopped
2023/12/16 22:21:48 [DEBUG][QemuVmCreate] starting VM
2023/12/16 22:21:57 [INFO][initConnInfo] trying to get vm ip address for provisioner
2023/12/16 22:21:57 [DEBUG][initConnInfo] retrying for at most  20m0s minutes before giving up
2023/12/16 22:21:57 [DEBUG][initConnInfo] retries will end at 2023-12-16 22:41:57.921034 +0800 HKT m=+1251.937662173
2023/12/16 22:22:00 [DEBUG][initConnInfo] check ip result error 500 QEMU guest agent is not running
2023/12/16 22:22:06 [INFO][initConnInfo] found working QEMU Agent
2023/12/16 22:22:06 [DEBUG][initConnInfo] interfaces found: [{00:00:00:00:00:00 [127.0.0.1 ::1] lo map[rx-bytes:1064 rx-dropped:0 rx-errs:0 rx-packets:14 tx-bytes:1064 tx-dropped:0 tx-errs:0 tx-packets:14]} {7a:00:00:00:03:08 [192.168.2.196 fe80::7800:ff:fe00:308] eth0 map[rx-bytes:572 rx-dropped:0 rx-errs:0 rx-packets:6 tx-bytes:1256 tx-dropped:0 tx-errs:0 tx-packets:16]} {4a:3a:28:1b:c9:3e [192.168.8.11 fe80::483a:28ff:fe1b:c93e] eth1 map[rx-bytes:1357 rx-dropped:0 rx-errs:0 rx-packets:9 tx-bytes:1293 tx-dropped:0 tx-errs:0 tx-packets:17]}]
2023/12/16 22:22:06 [INFO][initConnInfo] trying to find IP address of first network card
2023/12/16 22:22:06 [DEBUG][initConnInfo] checking network card...
2023/12/16 22:22:06 [DEBUG][initConnInfo] checking network card...
2023/12/16 22:22:06 [DEBUG][initConnInfo] checking network card loop
2023/12/16 22:22:06 [DEBUG][initConnInfo] Found IP address: 192.168.2.196
2023/12/16 22:22:06 [DEBUG][initConnInfo] sshHost not empty: 192.168.2.196
2023/12/16 22:22:06 [DEBUG][initConnInfo] vm has a cloud-init configuration
2023/12/16 22:22:06 [DEBUG][initConnInfo] cloudinitcheck vm state map[agent:1 balloon:1.7179869184e+10 ballooninfo:map[actual:1.7179869184e+10 free_mem:1.6042164224e+10 last_update:1.702736526e+09 major_page_faults:965 max_mem:1.7179869184e+10 mem_swapped_in:0 mem_swapped_out:0 minor_page_faults:517793 total_mem:1.6501723136e+10] blockstat:map[ide2:map[account_failed:true account_invalid:true failed_flush_operations:0 failed_rd_operations:0 failed_unmap_operations:0 failed_wr_operations:0 flush_operations:0 flush_total_time_ns:0 idle_time_ns:3.591686891e+09 invalid_flush_operations:0 invalid_rd_operations:0 invalid_unmap_operations:0 invalid_wr_operations:0 rd_bytes:344258 rd_merged:0 rd_operations:96 rd_total_time_ns:1.0620461e+07 timed_stats:[] unmap_bytes:0 unmap_merged:0 unmap_operations:0 unmap_total_time_ns:0 wr_bytes:0 wr_highest_offset:0 wr_merged:0 wr_operations:0 wr_total_time_ns:0] scsi0:map[account_failed:true account_invalid:true failed_flush_operations:0 failed_rd_operations:0 failed_unmap_operations:0 failed_wr_operations:0 flush_operations:97 flush_total_time_ns:2.70636489e+08 idle_time_ns:179144 invalid_flush_operations:0 invalid_rd_operations:0 invalid_unmap_operations:0 invalid_wr_operations:0 rd_bytes:2.4001792e+08 rd_merged:0 rd_operations:9867 rd_total_time_ns:1.300913028e+09 timed_stats:[] unmap_bytes:0 unmap_merged:0 unmap_operations:0 unmap_total_time_ns:0 wr_bytes:1.6385024e+07 wr_highest_offset:1.06955825152e+11 wr_merged:0 wr_operations:294 wr_total_time_ns:1.77442678e+08]] cpu:0 cpus:4 disk:0 diskread:2.40362178e+08 diskwrite:1.6385024e+07 freemem:1.6042164224e+10 ha:map[managed:0] maxdisk:1.073741824e+11 maxmem:1.7179869184e+10 mem:4.59558912e+08 name:okd-bastion netin:2173 netout:3198 nics:map[tap800i0:map[netin:816 netout:1905] tap800i1:map[netin:1357 netout:1293]] pid:607195 proxmox-support:map[backup-max-workers:true pbs-dirty-bitmap:true pbs-dirty-bitmap-migration:true pbs-dirty-bitmap-savevm:true pbs-library-version:1.3.1 (4d450bb294cac5316d2f23bf087c4b02c0543d79) pbs-masterkey:true query-bitmap-info:true] qmpstatus:running running-machine:pc-i440fx-7.1+pve0 running-qemu:7.1.0 serial:1 status:running uptime:15 vmid:800]
2023/12/16 22:22:06 [DEBUG][initConnInfo] ipconfig0 interfaces: [{00:00:00:00:00:00 [127.0.0.1 ::1] lo map[rx-bytes:1064 rx-dropped:0 rx-errs:0 rx-packets:14 tx-bytes:1064 tx-dropped:0 tx-errs:0 tx-packets:14]} {7a:00:00:00:03:08 [192.168.2.196 fe80::7800:ff:fe00:308] eth0 map[rx-bytes:12075 rx-dropped:0 rx-errs:0 rx-packets:17 tx-bytes:3341 tx-dropped:0 tx-errs:0 tx-packets:33]} {4a:3a:28:1b:c9:3e [192.168.8.11 fe80::483a:28ff:fe1b:c93e] eth1 map[rx-bytes:1879 rx-dropped:0 rx-errs:0 rx-packets:11 tx-bytes:1449 tx-dropped:0 tx-errs:0 tx-packets:19]}]
2023/12/16 22:22:06 [DEBUG][initConnInfo] found an ip configuration
2023/12/16 22:22:06 [DEBUG][initConnInfo] this is the vm configuration: 192.168.2.196 22
2023/12/16 22:22:06 [DEBUG][QemuVmCreate] vm creation done!
2023/12/16 22:22:07 [DEBUG] VM status: running
2023/12/16 22:40:22 [DEBUG] VM status: stopped
2023/12/16 22:40:22 [DEBUG] VM status: stopped
2023/12/16 22:40:23 [DEBUG] VM status: stopped
2023/12/16 22:40:23 [DEBUG] VM status: stopped
2023/12/16 22:40:23 [DEBUG] VM status: stopped
2023/12/16 22:40:24 [DEBUG] VM status: running
2023/12/16 22:40:24 [DEBUG] VM status: stopped
2023/12/16 22:40:24 [DEBUG] VM status: stopped
2023/12/16 22:40:54 [DEBUG] setting computed for "unused_disk" from ComputedKeys
2023/12/16 22:40:54 [DEBUG] setting computed for "unused_disk" from ComputedKeys
2023/12/16 22:40:54 [DEBUG] setting computed for "unused_disk" from ComputedKeys
2023/12/16 22:40:54 [DEBUG] setting computed for "unused_disk" from ComputedKeys
2023/12/16 22:40:54 [DEBUG] setting computed for "unused_disk" from ComputedKeys
2023/12/16 22:40:54 [DEBUG] setting computed for "unused_disk" from ComputedKeys
2023/12/16 22:40:54 [DEBUG] setting computed for "unused_disk" from ComputedKeys
2023/12/16 22:40:54 [DEBUG] setting computed for "unused_disk" from ComputedKeys
2023/12/16 22:40:54 [DEBUG][QemuVmCreate] checking for duplicate name: bootstrap
2023/12/16 22:40:54 [DEBUG][QemuVmCreate] checking for duplicate name: master1
2023/12/16 22:40:54 [DEBUG][QemuVmCreate] checking for duplicate name: worker2
2023/12/16 22:40:54 [DEBUG][QemuVmCreate] checking for duplicate name: master2
2023/12/16 22:41:01 [DEBUG][QemuVmCreate] oncreate = false, not starting VM
2023/12/16 22:41:01 [DEBUG][QemuVmCreate] vm creation done!
2023/12/16 22:41:02 [DEBUG] VM status: stopped
2023/12/16 22:41:02 [DEBUG][QemuVmCreate] checking for duplicate name: worker1
2023/12/16 22:41:03 [DEBUG][QemuVmCreate] oncreate = false, not starting VM
2023/12/16 22:41:03 [DEBUG][QemuVmCreate] vm creation done!
2023/12/16 22:41:03 [DEBUG][QemuVmCreate] oncreate = false, not starting VM
2023/12/16 22:41:03 [DEBUG][QemuVmCreate] vm creation done!
2023/12/16 22:41:05 [DEBUG] VM status: stopped
2023/12/16 22:41:05 [DEBUG][QemuVmCreate] checking for duplicate name: master0
2023/12/16 22:41:05 [DEBUG] VM status: stopped
2023/12/16 22:41:05 [DEBUG][QemuVmCreate] checking for duplicate name: okd-bastion
2023/12/16 22:41:05 [DEBUG][QemuVmCreate] cloning VM
2023/12/16 22:41:05 [DEBUG][QemuVmCreate] oncreate = false, not starting VM
2023/12/16 22:41:05 [DEBUG][QemuVmCreate] vm creation done!
2023/12/16 22:41:06 [DEBUG] VM status: stopped
2023/12/16 22:41:06 [DEBUG][QemuVmCreate] checking for duplicate name: worker0
2023/12/16 22:41:09 [DEBUG][QemuVmCreate] oncreate = false, not starting VM
2023/12/16 22:41:09 [DEBUG][QemuVmCreate] vm creation done!
2023/12/16 22:41:10 [DEBUG] VM status: stopped
2023/12/16 22:41:14 [DEBUG][QemuVmCreate] oncreate = false, not starting VM
2023/12/16 22:41:14 [DEBUG][QemuVmCreate] vm creation done!
2023/12/16 22:41:14 [DEBUG] VM status: stopped
2023/12/16 22:41:15 [DEBUG][QemuVmCreate] oncreate = false, not starting VM
2023/12/16 22:41:15 [DEBUG][QemuVmCreate] vm creation done!
2023/12/16 22:41:16 [DEBUG] VM status: stopped
2023/12/16 22:41:40 [DEBUG][QemuVmCreate] starting VM
2023/12/16 22:41:49 [INFO][initConnInfo] trying to get vm ip address for provisioner
2023/12/16 22:41:49 [DEBUG][initConnInfo] retrying for at most  20m0s minutes before giving up
2023/12/16 22:41:49 [DEBUG][initConnInfo] retries will end at 2023-12-16 23:01:49.755991 +0800 HKT m=+1255.180782739
2023/12/16 22:41:52 [DEBUG][initConnInfo] check ip result error 500 QEMU guest agent is not running
2023/12/16 22:41:57 [INFO][initConnInfo] found working QEMU Agent
2023/12/16 22:41:57 [DEBUG][initConnInfo] interfaces found: [{00:00:00:00:00:00 [127.0.0.1 ::1] lo map[rx-bytes:1064 rx-dropped:0 rx-errs:0 rx-packets:14 tx-bytes:1064 tx-dropped:0 tx-errs:0 tx-packets:14]} {7a:00:00:00:03:08 [192.168.2.196 fe80::7800:ff:fe00:308] eth0 map[rx-bytes:752 rx-dropped:0 rx-errs:0 rx-packets:8 tx-bytes:1256 tx-dropped:0 tx-errs:0 tx-packets:16]} {a2:22:87:e8:d0:92 [192.168.8.11 fe80::a022:87ff:fee8:d092] eth1 map[rx-bytes:1413 rx-dropped:0 rx-errs:0 rx-packets:9 tx-bytes:1293 tx-dropped:0 tx-errs:0 tx-packets:17]}]
2023/12/16 22:41:57 [INFO][initConnInfo] trying to find IP address of first network card
2023/12/16 22:41:57 [DEBUG][initConnInfo] checking network card...
2023/12/16 22:41:57 [DEBUG][initConnInfo] checking network card...
2023/12/16 22:41:58 [DEBUG][initConnInfo] checking network card loop
2023/12/16 22:41:58 [DEBUG][initConnInfo] Found IP address: 192.168.2.196
2023/12/16 22:41:58 [DEBUG][initConnInfo] sshHost not empty: 192.168.2.196
2023/12/16 22:41:58 [DEBUG][initConnInfo] vm has a cloud-init configuration
2023/12/16 22:41:58 [DEBUG][initConnInfo] cloudinitcheck vm state map[agent:1 balloon:1.7179869184e+10 ballooninfo:map[actual:1.7179869184e+10 free_mem:1.6043368448e+10 last_update:1.702737718e+09 major_page_faults:961 max_mem:1.7179869184e+10 mem_swapped_in:0 mem_swapped_out:0 minor_page_faults:512368 total_mem:1.650171904e+10] blockstat:map[ide2:map[account_failed:true account_invalid:true failed_flush_operations:0 failed_rd_operations:0 failed_unmap_operations:0 failed_wr_operations:0 flush_operations:0 flush_total_time_ns:0 idle_time_ns:3.645888913e+09 invalid_flush_operations:0 invalid_rd_operations:0 invalid_unmap_operations:0 invalid_wr_operations:0 rd_bytes:344258 rd_merged:0 rd_operations:96 rd_total_time_ns:9.298975e+06 timed_stats:[] unmap_bytes:0 unmap_merged:0 unmap_operations:0 unmap_total_time_ns:0 wr_bytes:0 wr_highest_offset:0 wr_merged:0 wr_operations:0 wr_total_time_ns:0] scsi0:map[account_failed:true account_invalid:true failed_flush_operations:0 failed_rd_operations:0 failed_unmap_operations:0 failed_wr_operations:0 flush_operations:93 flush_total_time_ns:2.7198852e+08 idle_time_ns:1.947879e+06 invalid_flush_operations:0 invalid_rd_operations:0 invalid_unmap_operations:0 invalid_wr_operations:0 rd_bytes:2.40091648e+08 rd_merged:0 rd_operations:9869 rd_total_time_ns:1.352195049e+09 timed_stats:[] unmap_bytes:0 unmap_merged:0 unmap_operations:0 unmap_total_time_ns:0 wr_bytes:1.6369664e+07 wr_highest_offset:1.06955825152e+11 wr_merged:0 wr_operations:291 wr_total_time_ns:2.05647476e+08]] cpu:0 cpus:4 disk:0 diskread:2.40435906e+08 diskwrite:1.6369664e+07 freemem:1.6043368448e+10 ha:map[managed:0] maxdisk:1.073741824e+11 maxmem:1.7179869184e+10 mem:4.58350592e+08 name:okd-bastion netin:2409 netout:3198 nics:map[tap800i0:map[netin:996 netout:1905] tap800i1:map[netin:1413 netout:1293]] pid:638488 proxmox-support:map[backup-max-workers:true pbs-dirty-bitmap:true pbs-dirty-bitmap-migration:true pbs-dirty-bitmap-savevm:true pbs-library-version:1.3.1 (4d450bb294cac5316d2f23bf087c4b02c0543d79) pbs-masterkey:true query-bitmap-info:true] qmpstatus:running running-machine:pc-i440fx-7.1+pve0 running-qemu:7.1.0 serial:1 status:running uptime:15 vmid:800]
2023/12/16 22:41:58 [DEBUG][initConnInfo] ipconfig0 interfaces: [{00:00:00:00:00:00 [127.0.0.1 ::1] lo map[rx-bytes:1064 rx-dropped:0 rx-errs:0 rx-packets:14 tx-bytes:1064 tx-dropped:0 tx-errs:0 tx-packets:14]} {7a:00:00:00:03:08 [192.168.2.196 fe80::7800:ff:fe00:308] eth0 map[rx-bytes:12519 rx-dropped:0 rx-errs:0 rx-packets:23 tx-bytes:3341 tx-dropped:0 tx-errs:0 tx-packets:33]} {a2:22:87:e8:d0:92 [192.168.8.11 fe80::a022:87ff:fee8:d092] eth1 map[rx-bytes:1991 rx-dropped:0 rx-errs:0 rx-packets:11 tx-bytes:1449 tx-dropped:0 tx-errs:0 tx-packets:19]}]
2023/12/16 22:41:58 [DEBUG][initConnInfo] found an ip configuration
2023/12/16 22:41:58 [DEBUG][initConnInfo] this is the vm configuration: 192.168.2.196 22
2023/12/16 22:41:58 [DEBUG][QemuVmCreate] vm creation done!
2023/12/16 22:41:59 [DEBUG] VM status: running
